  [1m[35m (0.1ms)[0m  [1m[34mSELECT sqlite_version(*)[0m
  ↳ /home/aeriussu/.rbenv/versions/2.6.0/bin/rake:23
  [1m[35m (32.6ms)[0m  [1m[35mCREATE TABLE "schema_migrations" ("version" varchar NOT NULL PRIMARY KEY)[0m
  ↳ /home/aeriussu/.rbenv/versions/2.6.0/bin/rake:23
  [1m[35m (8.9ms)[0m  [1m[35mCREATE TABLE "ar_internal_metadata" ("key" varchar NOT NULL PRIMARY KEY, "value" varchar, "created_at" datetime NOT NULL, "updated_at" datetime NOT NULL)[0m
  ↳ /home/aeriussu/.rbenv/versions/2.6.0/bin/rake:23
  [1m[35m (0.4ms)[0m  [1m[34mSELECT "schema_migrations"."version" FROM "schema_migrations" ORDER BY "schema_migrations"."version" ASC[0m
  ↳ /home/aeriussu/.rbenv/versions/2.6.0/bin/rake:23
Migrating to CreateArticles (20190508085902)
  [1m[35m (0.1ms)[0m  [1m[36mbegin transaction[0m
  ↳ /home/aeriussu/.rbenv/versions/2.6.0/bin/rake:23
  [1m[35m (0.8ms)[0m  [1m[35mCREATE TABLE "articles" ("id" integer PRIMARY KEY AUTOINCREMENT NOT NULL, "title" varchar, "body" text, "created_at" datetime NOT NULL, "updated_at" datetime NOT NULL)[0m
  ↳ db/migrate/20190508085902_create_articles.rb:3
  [1m[36mActiveRecord::SchemaMigration Create (0.5ms)[0m  [1m[32mINSERT INTO "schema_migrations" ("version") VALUES (?)[0m  [["version", "20190508085902"]]
  ↳ /home/aeriussu/.rbenv/versions/2.6.0/bin/rake:23
  [1m[35m (8.7ms)[0m  [1m[36mcommit transaction[0m
  ↳ /home/aeriussu/.rbenv/versions/2.6.0/bin/rake:23
  [1m[36mActiveRecord::InternalMetadata Load (0.4ms)[0m  [1m[34mSELECT  "ar_internal_metadata".* FROM "ar_internal_metadata" WHERE "ar_internal_metadata"."key" = ? LIMIT ?[0m  [["key", "environment"], ["LIMIT", 1]]
  ↳ /home/aeriussu/.rbenv/versions/2.6.0/bin/rake:23
  [1m[35m (0.2ms)[0m  [1m[36mbegin transaction[0m
  ↳ /home/aeriussu/.rbenv/versions/2.6.0/bin/rake:23
  [1m[36mActiveRecord::InternalMetadata Create (0.7ms)[0m  [1m[32mINSERT INTO "ar_internal_metadata" ("key", "value", "created_at", "updated_at") VALUES (?, ?, ?, ?)[0m  [["key", "environment"], ["value", "development"], ["created_at", "2019-05-08 08:59:53.171652"], ["updated_at", "2019-05-08 08:59:53.171652"]]
  ↳ /home/aeriussu/.rbenv/versions/2.6.0/bin/rake:23
  [1m[35m (13.9ms)[0m  [1m[36mcommit transaction[0m
  ↳ /home/aeriussu/.rbenv/versions/2.6.0/bin/rake:23
  [1m[35m (0.3ms)[0m  [1m[34mSELECT "schema_migrations"."version" FROM "schema_migrations" ORDER BY "schema_migrations"."version" ASC[0m
  ↳ /home/aeriussu/.rbenv/versions/2.6.0/bin/rake:23
  [1m[36mArticle Load (0.8ms)[0m  [1m[34mSELECT  "articles".* FROM "articles" LIMIT ?[0m  [["LIMIT", 11]]
  [1m[35m (0.2ms)[0m  [1m[36mbegin transaction[0m
  [1m[36mArticle Create (1.0ms)[0m  [1m[32mINSERT INTO "articles" ("title", "body", "created_at", "updated_at") VALUES (?, ?, ?, ?)[0m  [["title", "Sample Article Name"], ["body", "This is a sample body, woo!"], ["created_at", "2019-05-08 09:03:24.391185"], ["updated_at", "2019-05-08 09:03:24.391185"]]
  [1m[35m (3.3ms)[0m  [1m[36mcommit transaction[0m
  [1m[36mArticle Load (0.3ms)[0m  [1m[34mSELECT  "articles".* FROM "articles" LIMIT ?[0m  [["LIMIT", 11]]
  [1m[35m (0.2ms)[0m  [1m[36mbegin transaction[0m
  [1m[36mArticle Create (1.0ms)[0m  [1m[32mINSERT INTO "articles" ("title", "body", "created_at", "updated_at") VALUES (?, ?, ?, ?)[0m  [["title", "This is article #2"], ["body", "This is article #2's body"], ["created_at", "2019-05-08 09:04:09.536279"], ["updated_at", "2019-05-08 09:04:09.536279"]]
  [1m[35m (10.1ms)[0m  [1m[36mcommit transaction[0m
  [1m[35m (0.2ms)[0m  [1m[36mbegin transaction[0m
  [1m[36mArticle Create (0.8ms)[0m  [1m[32mINSERT INTO "articles" ("title", "body", "created_at", "updated_at") VALUES (?, ?, ?, ?)[0m  [["title", "This is article #3"], ["body", "This is article#3's body"], ["created_at", "2019-05-08 09:04:35.777277"], ["updated_at", "2019-05-08 09:04:35.777277"]]
  [1m[35m (4.4ms)[0m  [1m[36mcommit transaction[0m
  [1m[35m (0.1ms)[0m  [1m[36mbegin transaction[0m
  [1m[36mArticle Create (0.7ms)[0m  [1m[32mINSERT INTO "articles" ("title", "body", "created_at", "updated_at") VALUES (?, ?, ?, ?)[0m  [["title", "This is article#4"], ["body", "This is article#4's body"], ["created_at", "2019-05-08 09:05:00.676861"], ["updated_at", "2019-05-08 09:05:00.676861"]]
  [1m[35m (4.4ms)[0m  [1m[36mcommit transaction[0m
  [1m[36mArticle Load (0.4ms)[0m  [1m[34mSELECT  "articles".* FROM "articles" LIMIT ?[0m  [["LIMIT", 11]]
Started GET "/articles/" for ::1 at 2019-05-08 21:36:52 +0200
  [1m[35m (0.5ms)[0m  [1m[34mSELECT "schema_migrations"."version" FROM "schema_migrations" ORDER BY "schema_migrations"."version" ASC[0m
  ↳ /home/aeriussu/.rbenv/versions/2.6.0/lib/ruby/gems/2.6.0/gems/activerecord-5.2.3/lib/active_record/log_subscriber.rb:98
  
ActionController::RoutingError (uninitialized constant ArticlesController):
  
bootsnap (1.4.4) lib/bootsnap/load_path_cache/core_ext/active_support.rb:79:in `block in load_missing_constant'
bootsnap (1.4.4) lib/bootsnap/load_path_cache/core_ext/active_support.rb:8:in `without_bootsnap_cache'
bootsnap (1.4.4) lib/bootsnap/load_path_cache/core_ext/active_support.rb:79:in `rescue in load_missing_constant'
bootsnap (1.4.4) lib/bootsnap/load_path_cache/core_ext/active_support.rb:58:in `load_missing_constant'
activesupport (5.2.3) lib/active_support/inflector/methods.rb:283:in `const_get'
activesupport (5.2.3) lib/active_support/inflector/methods.rb:283:in `block in constantize'
activesupport (5.2.3) lib/active_support/inflector/methods.rb:281:in `each'
activesupport (5.2.3) lib/active_support/inflector/methods.rb:281:in `inject'
activesupport (5.2.3) lib/active_support/inflector/methods.rb:281:in `constantize'
actionpack (5.2.3) lib/action_dispatch/http/request.rb:88:in `controller_class_for'
actionpack (5.2.3) lib/action_dispatch/http/request.rb:81:in `controller_class'
actionpack (5.2.3) lib/action_dispatch/routing/route_set.rb:46:in `controller'
actionpack (5.2.3) lib/action_dispatch/routing/route_set.rb:32:in `serve'
actionpack (5.2.3) lib/action_dispatch/journey/router.rb:52:in `block in serve'
actionpack (5.2.3) lib/action_dispatch/journey/router.rb:35:in `each'
actionpack (5.2.3) lib/action_dispatch/journey/router.rb:35:in `serve'
actionpack (5.2.3) lib/action_dispatch/routing/route_set.rb:840:in `call'
rack (2.0.7) lib/rack/tempfile_reaper.rb:15:in `call'
rack (2.0.7) lib/rack/etag.rb:25:in `call'
rack (2.0.7) lib/rack/conditional_get.rb:25:in `call'
rack (2.0.7) lib/rack/head.rb:12:in `call'
actionpack (5.2.3) lib/action_dispatch/http/content_security_policy.rb:18:in `call'
rack (2.0.7) lib/rack/session/abstract/id.rb:232:in `context'
rack (2.0.7) lib/rack/session/abstract/id.rb:226:in `call'
actionpack (5.2.3) lib/action_dispatch/middleware/cookies.rb:670:in `call'
activerecord (5.2.3) lib/active_record/migration.rb:559:in `call'
actionpack (5.2.3) lib/action_dispatch/middleware/callbacks.rb:28:in `block in call'
activesupport (5.2.3) lib/active_support/callbacks.rb:98:in `run_callbacks'
actionpack (5.2.3) lib/action_dispatch/middleware/callbacks.rb:26:in `call'
actionpack (5.2.3) lib/action_dispatch/middleware/executor.rb:14:in `call'
actionpack (5.2.3) lib/action_dispatch/middleware/debug_exceptions.rb:61:in `call'
web-console (3.7.0) lib/web_console/middleware.rb:135:in `call_app'
web-console (3.7.0) lib/web_console/middleware.rb:30:in `block in call'
web-console (3.7.0) lib/web_console/middleware.rb:20:in `catch'
web-console (3.7.0) lib/web_console/middleware.rb:20:in `call'
actionpack (5.2.3) lib/action_dispatch/middleware/show_exceptions.rb:33:in `call'
railties (5.2.3) lib/rails/rack/logger.rb:38:in `call_app'
railties (5.2.3) lib/rails/rack/logger.rb:26:in `block in call'
activesupport (5.2.3) lib/active_support/tagged_logging.rb:71:in `block in tagged'
activesupport (5.2.3) lib/active_support/tagged_logging.rb:28:in `tagged'
activesupport (5.2.3) lib/active_support/tagged_logging.rb:71:in `tagged'
railties (5.2.3) lib/rails/rack/logger.rb:26:in `call'
sprockets-rails (3.2.1) lib/sprockets/rails/quiet_assets.rb:13:in `call'
actionpack (5.2.3) lib/action_dispatch/middleware/remote_ip.rb:81:in `call'
actionpack (5.2.3) lib/action_dispatch/middleware/request_id.rb:27:in `call'
rack (2.0.7) lib/rack/method_override.rb:22:in `call'
rack (2.0.7) lib/rack/runtime.rb:22:in `call'
activesupport (5.2.3) lib/active_support/cache/strategy/local_cache_middleware.rb:29:in `call'
actionpack (5.2.3) lib/action_dispatch/middleware/executor.rb:14:in `call'
actionpack (5.2.3) lib/action_dispatch/middleware/static.rb:127:in `call'
rack (2.0.7) lib/rack/sendfile.rb:111:in `call'
railties (5.2.3) lib/rails/engine.rb:524:in `call'
puma (3.12.1) lib/puma/configuration.rb:227:in `call'
puma (3.12.1) lib/puma/server.rb:660:in `handle_request'
puma (3.12.1) lib/puma/server.rb:474:in `process_client'
puma (3.12.1) lib/puma/server.rb:334:in `block in run'
puma (3.12.1) lib/puma/thread_pool.rb:135:in `block in spawn_thread'
Started GET "/articles/" for ::1 at 2019-05-08 22:14:16 +0200
  [1m[35m (0.2ms)[0m  [1m[34mSELECT "schema_migrations"."version" FROM "schema_migrations" ORDER BY "schema_migrations"."version" ASC[0m
  ↳ /home/aeriussu/.rbenv/versions/2.6.0/lib/ruby/gems/2.6.0/gems/activerecord-5.2.3/lib/active_record/log_subscriber.rb:98
  
AbstractController::ActionNotFound (The action 'index' could not be found for ArticlesController):
  
actionpack (5.2.3) lib/abstract_controller/base.rb:129:in `process'
actionview (5.2.3) lib/action_view/rendering.rb:32:in `process'
actionpack (5.2.3) lib/action_controller/metal.rb:191:in `dispatch'
actionpack (5.2.3) lib/action_controller/metal.rb:252:in `dispatch'
actionpack (5.2.3) lib/action_dispatch/routing/route_set.rb:52:in `dispatch'
actionpack (5.2.3) lib/action_dispatch/routing/route_set.rb:34:in `serve'
actionpack (5.2.3) lib/action_dispatch/journey/router.rb:52:in `block in serve'
actionpack (5.2.3) lib/action_dispatch/journey/router.rb:35:in `each'
actionpack (5.2.3) lib/action_dispatch/journey/router.rb:35:in `serve'
actionpack (5.2.3) lib/action_dispatch/routing/route_set.rb:840:in `call'
rack (2.0.7) lib/rack/tempfile_reaper.rb:15:in `call'
rack (2.0.7) lib/rack/etag.rb:25:in `call'
rack (2.0.7) lib/rack/conditional_get.rb:25:in `call'
rack (2.0.7) lib/rack/head.rb:12:in `call'
actionpack (5.2.3) lib/action_dispatch/http/content_security_policy.rb:18:in `call'
rack (2.0.7) lib/rack/session/abstract/id.rb:232:in `context'
rack (2.0.7) lib/rack/session/abstract/id.rb:226:in `call'
actionpack (5.2.3) lib/action_dispatch/middleware/cookies.rb:670:in `call'
activerecord (5.2.3) lib/active_record/migration.rb:559:in `call'
actionpack (5.2.3) lib/action_dispatch/middleware/callbacks.rb:28:in `block in call'
activesupport (5.2.3) lib/active_support/callbacks.rb:98:in `run_callbacks'
actionpack (5.2.3) lib/action_dispatch/middleware/callbacks.rb:26:in `call'
actionpack (5.2.3) lib/action_dispatch/middleware/executor.rb:14:in `call'
actionpack (5.2.3) lib/action_dispatch/middleware/debug_exceptions.rb:61:in `call'
web-console (3.7.0) lib/web_console/middleware.rb:135:in `call_app'
web-console (3.7.0) lib/web_console/middleware.rb:30:in `block in call'
web-console (3.7.0) lib/web_console/middleware.rb:20:in `catch'
web-console (3.7.0) lib/web_console/middleware.rb:20:in `call'
actionpack (5.2.3) lib/action_dispatch/middleware/show_exceptions.rb:33:in `call'
railties (5.2.3) lib/rails/rack/logger.rb:38:in `call_app'
railties (5.2.3) lib/rails/rack/logger.rb:26:in `block in call'
activesupport (5.2.3) lib/active_support/tagged_logging.rb:71:in `block in tagged'
activesupport (5.2.3) lib/active_support/tagged_logging.rb:28:in `tagged'
activesupport (5.2.3) lib/active_support/tagged_logging.rb:71:in `tagged'
railties (5.2.3) lib/rails/rack/logger.rb:26:in `call'
sprockets-rails (3.2.1) lib/sprockets/rails/quiet_assets.rb:13:in `call'
actionpack (5.2.3) lib/action_dispatch/middleware/remote_ip.rb:81:in `call'
actionpack (5.2.3) lib/action_dispatch/middleware/request_id.rb:27:in `call'
rack (2.0.7) lib/rack/method_override.rb:22:in `call'
rack (2.0.7) lib/rack/runtime.rb:22:in `call'
activesupport (5.2.3) lib/active_support/cache/strategy/local_cache_middleware.rb:29:in `call'
actionpack (5.2.3) lib/action_dispatch/middleware/executor.rb:14:in `call'
actionpack (5.2.3) lib/action_dispatch/middleware/static.rb:127:in `call'
rack (2.0.7) lib/rack/sendfile.rb:111:in `call'
railties (5.2.3) lib/rails/engine.rb:524:in `call'
puma (3.12.1) lib/puma/configuration.rb:227:in `call'
puma (3.12.1) lib/puma/server.rb:660:in `handle_request'
puma (3.12.1) lib/puma/server.rb:474:in `process_client'
puma (3.12.1) lib/puma/server.rb:334:in `block in run'
puma (3.12.1) lib/puma/thread_pool.rb:135:in `block in spawn_thread'
Started GET "/articles/" for ::1 at 2019-05-08 22:14:45 +0200
Processing by ArticlesController#index as HTML
Completed 406 Not Acceptable in 17ms (ActiveRecord: 0.0ms)


  
ActionController::UnknownFormat (ArticlesController#index is missing a template for this request format and variant.

request.formats: ["text/html"]
request.variant: []

NOTE! For XHR/Ajax or API requests, this action would normally respond with 204 No Content: an empty white screen. Since you're loading it in a web browser, we assume that you expected to actually render a template, not nothing, so we're showing an error to be extra-clear. If you expect 204 No Content, carry on. That's what you'll get from an XHR or API request. Give it a shot.):
  
actionpack (5.2.3) lib/action_controller/metal/implicit_render.rb:55:in `default_render'
actionpack (5.2.3) lib/action_controller/metal/basic_implicit_render.rb:6:in `block in send_action'
actionpack (5.2.3) lib/action_controller/metal/basic_implicit_render.rb:6:in `tap'
actionpack (5.2.3) lib/action_controller/metal/basic_implicit_render.rb:6:in `send_action'
actionpack (5.2.3) lib/abstract_controller/base.rb:194:in `process_action'
actionpack (5.2.3) lib/action_controller/metal/rendering.rb:30:in `process_action'
actionpack (5.2.3) lib/abstract_controller/callbacks.rb:42:in `block in process_action'
activesupport (5.2.3) lib/active_support/callbacks.rb:132:in `run_callbacks'
actionpack (5.2.3) lib/abstract_controller/callbacks.rb:41:in `process_action'
actionpack (5.2.3) lib/action_controller/metal/rescue.rb:22:in `process_action'
actionpack (5.2.3) lib/action_controller/metal/instrumentation.rb:34:in `block in process_action'
activesupport (5.2.3) lib/active_support/notifications.rb:168:in `block in instrument'
activesupport (5.2.3) lib/active_support/notifications/instrumenter.rb:23:in `instrument'
activesupport (5.2.3) lib/active_support/notifications.rb:168:in `instrument'
actionpack (5.2.3) lib/action_controller/metal/instrumentation.rb:32:in `process_action'
actionpack (5.2.3) lib/action_controller/metal/params_wrapper.rb:256:in `process_action'
activerecord (5.2.3) lib/active_record/railties/controller_runtime.rb:24:in `process_action'
actionpack (5.2.3) lib/abstract_controller/base.rb:134:in `process'
actionview (5.2.3) lib/action_view/rendering.rb:32:in `process'
actionpack (5.2.3) lib/action_controller/metal.rb:191:in `dispatch'
actionpack (5.2.3) lib/action_controller/metal.rb:252:in `dispatch'
actionpack (5.2.3) lib/action_dispatch/routing/route_set.rb:52:in `dispatch'
actionpack (5.2.3) lib/action_dispatch/routing/route_set.rb:34:in `serve'
actionpack (5.2.3) lib/action_dispatch/journey/router.rb:52:in `block in serve'
actionpack (5.2.3) lib/action_dispatch/journey/router.rb:35:in `each'
actionpack (5.2.3) lib/action_dispatch/journey/router.rb:35:in `serve'
actionpack (5.2.3) lib/action_dispatch/routing/route_set.rb:840:in `call'
rack (2.0.7) lib/rack/tempfile_reaper.rb:15:in `call'
rack (2.0.7) lib/rack/etag.rb:25:in `call'
rack (2.0.7) lib/rack/conditional_get.rb:25:in `call'
rack (2.0.7) lib/rack/head.rb:12:in `call'
actionpack (5.2.3) lib/action_dispatch/http/content_security_policy.rb:18:in `call'
rack (2.0.7) lib/rack/session/abstract/id.rb:232:in `context'
rack (2.0.7) lib/rack/session/abstract/id.rb:226:in `call'
actionpack (5.2.3) lib/action_dispatch/middleware/cookies.rb:670:in `call'
activerecord (5.2.3) lib/active_record/migration.rb:559:in `call'
actionpack (5.2.3) lib/action_dispatch/middleware/callbacks.rb:28:in `block in call'
activesupport (5.2.3) lib/active_support/callbacks.rb:98:in `run_callbacks'
actionpack (5.2.3) lib/action_dispatch/middleware/callbacks.rb:26:in `call'
actionpack (5.2.3) lib/action_dispatch/middleware/executor.rb:14:in `call'
actionpack (5.2.3) lib/action_dispatch/middleware/debug_exceptions.rb:61:in `call'
web-console (3.7.0) lib/web_console/middleware.rb:135:in `call_app'
web-console (3.7.0) lib/web_console/middleware.rb:30:in `block in call'
web-console (3.7.0) lib/web_console/middleware.rb:20:in `catch'
web-console (3.7.0) lib/web_console/middleware.rb:20:in `call'
actionpack (5.2.3) lib/action_dispatch/middleware/show_exceptions.rb:33:in `call'
railties (5.2.3) lib/rails/rack/logger.rb:38:in `call_app'
railties (5.2.3) lib/rails/rack/logger.rb:26:in `block in call'
activesupport (5.2.3) lib/active_support/tagged_logging.rb:71:in `block in tagged'
activesupport (5.2.3) lib/active_support/tagged_logging.rb:28:in `tagged'
activesupport (5.2.3) lib/active_support/tagged_logging.rb:71:in `tagged'
railties (5.2.3) lib/rails/rack/logger.rb:26:in `call'
sprockets-rails (3.2.1) lib/sprockets/rails/quiet_assets.rb:13:in `call'
actionpack (5.2.3) lib/action_dispatch/middleware/remote_ip.rb:81:in `call'
actionpack (5.2.3) lib/action_dispatch/middleware/request_id.rb:27:in `call'
rack (2.0.7) lib/rack/method_override.rb:22:in `call'
rack (2.0.7) lib/rack/runtime.rb:22:in `call'
activesupport (5.2.3) lib/active_support/cache/strategy/local_cache_middleware.rb:29:in `call'
actionpack (5.2.3) lib/action_dispatch/middleware/executor.rb:14:in `call'
actionpack (5.2.3) lib/action_dispatch/middleware/static.rb:127:in `call'
rack (2.0.7) lib/rack/sendfile.rb:111:in `call'
railties (5.2.3) lib/rails/engine.rb:524:in `call'
puma (3.12.1) lib/puma/configuration.rb:227:in `call'
puma (3.12.1) lib/puma/server.rb:660:in `handle_request'
puma (3.12.1) lib/puma/server.rb:474:in `process_client'
puma (3.12.1) lib/puma/server.rb:334:in `block in run'
puma (3.12.1) lib/puma/thread_pool.rb:135:in `block in spawn_thread'
Started GET "/articles/" for ::1 at 2019-05-08 22:31:50 +0200
Processing by ArticlesController#index as HTML
  Rendering articles/index.html.erb within layouts/application
  Rendered articles/index.html.erb within layouts/application (0.9ms)
Completed 200 OK in 1175ms (Views: 1172.3ms | ActiveRecord: 0.0ms)


Started GET "/articles/" for ::1 at 2019-05-08 22:31:54 +0200
Processing by ArticlesController#index as HTML
  Rendering articles/index.html.erb within layouts/application
  Rendered articles/index.html.erb within layouts/application (0.3ms)
Completed 200 OK in 13ms (Views: 12.0ms | ActiveRecord: 0.0ms)


Started GET "/articles/" for ::1 at 2019-05-08 22:35:16 +0200
Processing by ArticlesController#index as HTML
  Rendering articles/index.html.erb within layouts/application
  [1m[36mArticle Load (1.0ms)[0m  [1m[34mSELECT "articles".* FROM "articles"[0m
  ↳ app/views/articles/index.html.erb:4
  Rendered articles/index.html.erb within layouts/application (22.5ms)
Completed 200 OK in 37ms (Views: 31.5ms | ActiveRecord: 2.9ms)


Started GET "/articles/" for ::1 at 2019-05-08 22:35:42 +0200
Processing by ArticlesController#index as HTML
  Rendering articles/index.html.erb within layouts/application
  [1m[36mArticle Load (0.1ms)[0m  [1m[34mSELECT "articles".* FROM "articles"[0m
  ↳ app/views/articles/index.html.erb:4
  Rendered articles/index.html.erb within layouts/application (1.0ms)
Completed 200 OK in 14ms (Views: 13.0ms | ActiveRecord: 0.1ms)


Started GET "/articles/" for ::1 at 2019-05-08 22:36:00 +0200
Processing by ArticlesController#index as HTML
  Rendering articles/index.html.erb within layouts/application
  [1m[36mArticle Load (0.4ms)[0m  [1m[34mSELECT "articles".* FROM "articles"[0m
  ↳ app/views/articles/index.html.erb:4
  Rendered articles/index.html.erb within layouts/application (3.5ms)
Completed 200 OK in 29ms (Views: 26.1ms | ActiveRecord: 0.4ms)


Started GET "/articles/" for ::1 at 2019-05-08 23:21:44 +0200
Processing by ArticlesController#index as HTML
  Rendering articles/index.html.erb within layouts/application
  [1m[36mArticle Load (0.8ms)[0m  [1m[34mSELECT "articles".* FROM "articles"[0m
  ↳ app/views/articles/index.html.erb:4
  Rendered articles/index.html.erb within layouts/application (369.0ms)
Completed 500 Internal Server Error in 375ms (ActiveRecord: 0.8ms)


  
ActionView::Template::Error (undefined local variable or method `title' for #<#<Class:0x00007fd1ec5da708>:0x00007fd1e80143b8>):
    3: <ul id="articles">
    4: 	<% @articles.each do |article| %>
    5: 		<li>
    6: 			<%= link to article,title, article.path(article) %>
    7: 		</li>
    8: 	<% end %>
    9: </ul>
  
app/views/articles/index.html.erb:6:in `block in _app_views_articles_index_html_erb___851615374985190477_70269758645760'
app/views/articles/index.html.erb:4:in `_app_views_articles_index_html_erb___851615374985190477_70269758645760'
Started GET "/articles/" for ::1 at 2019-05-08 23:22:01 +0200
Processing by ArticlesController#index as HTML
  Rendering articles/index.html.erb within layouts/application
  [1m[36mArticle Load (0.3ms)[0m  [1m[34mSELECT "articles".* FROM "articles"[0m
  ↳ app/views/articles/index.html.erb:4
  Rendered articles/index.html.erb within layouts/application (303.6ms)
Completed 500 Internal Server Error in 309ms (ActiveRecord: 0.3ms)


  
ActionView::Template::Error (undefined local variable or method `title' for #<#<Class:0x00007fd1ec5da708>:0x00007fd1f0271cc0>):
    3: <ul id="articles">
    4: 	<% @articles.each do |article| %>
    5: 		<li>
    6: 			<%= link_to article,title, article.path(article) %>
    7: 		</li>
    8: 	<% end %>
    9: </ul>
  
app/views/articles/index.html.erb:6:in `block in _app_views_articles_index_html_erb___851615374985190477_70269826995080'
app/views/articles/index.html.erb:4:in `_app_views_articles_index_html_erb___851615374985190477_70269826995080'
Started GET "/articles/" for ::1 at 2019-05-08 23:22:23 +0200
Processing by ArticlesController#index as HTML
  Rendering articles/index.html.erb within layouts/application
  [1m[36mArticle Load (0.2ms)[0m  [1m[34mSELECT "articles".* FROM "articles"[0m
  ↳ app/views/articles/index.html.erb:4
  Rendered articles/index.html.erb within layouts/application (8.0ms)
Completed 500 Internal Server Error in 12ms (ActiveRecord: 0.2ms)


  
ActionView::Template::Error (undefined method `path' for #<Article:0x00007fd1e404c8c0>):
    3: <ul id="articles">
    4: 	<% @articles.each do |article| %>
    5: 		<li>
    6: 			<%= link_to article.title, article.path(article) %>
    7: 		</li>
    8: 	<% end %>
    9: </ul>
  
app/views/articles/index.html.erb:6:in `block in _app_views_articles_index_html_erb___851615374985190477_70269725175340'
app/views/articles/index.html.erb:4:in `_app_views_articles_index_html_erb___851615374985190477_70269725175340'
Started GET "/articles/" for ::1 at 2019-05-08 23:22:38 +0200
Processing by ArticlesController#index as HTML
  Rendering articles/index.html.erb within layouts/application
  [1m[36mArticle Load (0.2ms)[0m  [1m[34mSELECT "articles".* FROM "articles"[0m
  ↳ app/views/articles/index.html.erb:4
  Rendered articles/index.html.erb within layouts/application (2.6ms)
Completed 200 OK in 25ms (Views: 23.0ms | ActiveRecord: 0.2ms)


Started GET "/articles/" for ::1 at 2019-05-08 23:23:26 +0200
Processing by ArticlesController#index as HTML
  Rendering articles/index.html.erb within layouts/application
  [1m[36mArticle Load (0.1ms)[0m  [1m[34mSELECT "articles".* FROM "articles"[0m
  ↳ app/views/articles/index.html.erb:4
  Rendered articles/index.html.erb within layouts/application (1.6ms)
Completed 200 OK in 18ms (Views: 16.8ms | ActiveRecord: 0.1ms)


Started GET "/articles/1" for ::1 at 2019-05-08 23:23:38 +0200
  
AbstractController::ActionNotFound (The action 'show' could not be found for ArticlesController):
  
actionpack (5.2.3) lib/abstract_controller/base.rb:129:in `process'
actionview (5.2.3) lib/action_view/rendering.rb:32:in `process'
actionpack (5.2.3) lib/action_controller/metal.rb:191:in `dispatch'
actionpack (5.2.3) lib/action_controller/metal.rb:252:in `dispatch'
actionpack (5.2.3) lib/action_dispatch/routing/route_set.rb:52:in `dispatch'
actionpack (5.2.3) lib/action_dispatch/routing/route_set.rb:34:in `serve'
actionpack (5.2.3) lib/action_dispatch/journey/router.rb:52:in `block in serve'
actionpack (5.2.3) lib/action_dispatch/journey/router.rb:35:in `each'
actionpack (5.2.3) lib/action_dispatch/journey/router.rb:35:in `serve'
actionpack (5.2.3) lib/action_dispatch/routing/route_set.rb:840:in `call'
rack (2.0.7) lib/rack/tempfile_reaper.rb:15:in `call'
rack (2.0.7) lib/rack/etag.rb:25:in `call'
rack (2.0.7) lib/rack/conditional_get.rb:25:in `call'
rack (2.0.7) lib/rack/head.rb:12:in `call'
actionpack (5.2.3) lib/action_dispatch/http/content_security_policy.rb:18:in `call'
rack (2.0.7) lib/rack/session/abstract/id.rb:232:in `context'
rack (2.0.7) lib/rack/session/abstract/id.rb:226:in `call'
actionpack (5.2.3) lib/action_dispatch/middleware/cookies.rb:670:in `call'
activerecord (5.2.3) lib/active_record/migration.rb:559:in `call'
actionpack (5.2.3) lib/action_dispatch/middleware/callbacks.rb:28:in `block in call'
activesupport (5.2.3) lib/active_support/callbacks.rb:98:in `run_callbacks'
actionpack (5.2.3) lib/action_dispatch/middleware/callbacks.rb:26:in `call'
actionpack (5.2.3) lib/action_dispatch/middleware/executor.rb:14:in `call'
actionpack (5.2.3) lib/action_dispatch/middleware/debug_exceptions.rb:61:in `call'
web-console (3.7.0) lib/web_console/middleware.rb:135:in `call_app'
web-console (3.7.0) lib/web_console/middleware.rb:30:in `block in call'
web-console (3.7.0) lib/web_console/middleware.rb:20:in `catch'
web-console (3.7.0) lib/web_console/middleware.rb:20:in `call'
actionpack (5.2.3) lib/action_dispatch/middleware/show_exceptions.rb:33:in `call'
railties (5.2.3) lib/rails/rack/logger.rb:38:in `call_app'
railties (5.2.3) lib/rails/rack/logger.rb:26:in `block in call'
activesupport (5.2.3) lib/active_support/tagged_logging.rb:71:in `block in tagged'
activesupport (5.2.3) lib/active_support/tagged_logging.rb:28:in `tagged'
activesupport (5.2.3) lib/active_support/tagged_logging.rb:71:in `tagged'
railties (5.2.3) lib/rails/rack/logger.rb:26:in `call'
sprockets-rails (3.2.1) lib/sprockets/rails/quiet_assets.rb:13:in `call'
actionpack (5.2.3) lib/action_dispatch/middleware/remote_ip.rb:81:in `call'
actionpack (5.2.3) lib/action_dispatch/middleware/request_id.rb:27:in `call'
rack (2.0.7) lib/rack/method_override.rb:22:in `call'
rack (2.0.7) lib/rack/runtime.rb:22:in `call'
activesupport (5.2.3) lib/active_support/cache/strategy/local_cache_middleware.rb:29:in `call'
actionpack (5.2.3) lib/action_dispatch/middleware/executor.rb:14:in `call'
actionpack (5.2.3) lib/action_dispatch/middleware/static.rb:127:in `call'
rack (2.0.7) lib/rack/sendfile.rb:111:in `call'
railties (5.2.3) lib/rails/engine.rb:524:in `call'
puma (3.12.1) lib/puma/configuration.rb:227:in `call'
puma (3.12.1) lib/puma/server.rb:660:in `handle_request'
puma (3.12.1) lib/puma/server.rb:474:in `process_client'
puma (3.12.1) lib/puma/server.rb:334:in `block in run'
puma (3.12.1) lib/puma/thread_pool.rb:135:in `block in spawn_thread'
Started GET "/articles/" for ::1 at 2019-05-08 23:23:41 +0200
Processing by ArticlesController#index as HTML
  Rendering articles/index.html.erb within layouts/application
  [1m[36mArticle Load (0.2ms)[0m  [1m[34mSELECT "articles".* FROM "articles"[0m
  ↳ app/views/articles/index.html.erb:4
  Rendered articles/index.html.erb within layouts/application (2.2ms)
Completed 200 OK in 18ms (Views: 17.1ms | ActiveRecord: 0.2ms)


Started GET "/articles/1" for ::1 at 2019-05-08 23:25:49 +0200
  
SyntaxError (/home/aeriussu/development/rails/blogger/app/controllers/articles_controller.rb:8: syntax error, unexpected end-of-input, expecting end):
  
app/controllers/articles_controller.rb:8: syntax error, unexpected end-of-input, expecting end
Started GET "/articles/1" for ::1 at 2019-05-08 23:25:58 +0200
Processing by ArticlesController#show as HTML
  Parameters: {"id"=>"1"}
Completed 500 Internal Server Error in 7ms (ActiveRecord: 0.0ms)


  
NoMethodError (undefined method `id' for :params:Symbol):
  
app/controllers/articles_controller.rb:7:in `show'
Started GET "/articles/1" for ::1 at 2019-05-08 23:27:00 +0200
Processing by ArticlesController#show as HTML
  Parameters: {"id"=>"1"}
  [1m[36mArticle Load (0.5ms)[0m  [1m[34mSELECT  "articles".* FROM "articles" WHERE "articles"."id" = ? LIMIT ?[0m  [["id", 1], ["LIMIT", 1]]
  ↳ app/controllers/articles_controller.rb:7
Completed 406 Not Acceptable in 65ms (ActiveRecord: 2.3ms)


  
ActionController::UnknownFormat (ArticlesController#show is missing a template for this request format and variant.

request.formats: ["text/html"]
request.variant: []

NOTE! For XHR/Ajax or API requests, this action would normally respond with 204 No Content: an empty white screen. Since you're loading it in a web browser, we assume that you expected to actually render a template, not nothing, so we're showing an error to be extra-clear. If you expect 204 No Content, carry on. That's what you'll get from an XHR or API request. Give it a shot.):
  
actionpack (5.2.3) lib/action_controller/metal/implicit_render.rb:55:in `default_render'
actionpack (5.2.3) lib/action_controller/metal/basic_implicit_render.rb:6:in `block in send_action'
actionpack (5.2.3) lib/action_controller/metal/basic_implicit_render.rb:6:in `tap'
actionpack (5.2.3) lib/action_controller/metal/basic_implicit_render.rb:6:in `send_action'
actionpack (5.2.3) lib/abstract_controller/base.rb:194:in `process_action'
actionpack (5.2.3) lib/action_controller/metal/rendering.rb:30:in `process_action'
actionpack (5.2.3) lib/abstract_controller/callbacks.rb:42:in `block in process_action'
activesupport (5.2.3) lib/active_support/callbacks.rb:132:in `run_callbacks'
actionpack (5.2.3) lib/abstract_controller/callbacks.rb:41:in `process_action'
actionpack (5.2.3) lib/action_controller/metal/rescue.rb:22:in `process_action'
actionpack (5.2.3) lib/action_controller/metal/instrumentation.rb:34:in `block in process_action'
activesupport (5.2.3) lib/active_support/notifications.rb:168:in `block in instrument'
activesupport (5.2.3) lib/active_support/notifications/instrumenter.rb:23:in `instrument'
activesupport (5.2.3) lib/active_support/notifications.rb:168:in `instrument'
actionpack (5.2.3) lib/action_controller/metal/instrumentation.rb:32:in `process_action'
actionpack (5.2.3) lib/action_controller/metal/params_wrapper.rb:256:in `process_action'
activerecord (5.2.3) lib/active_record/railties/controller_runtime.rb:24:in `process_action'
actionpack (5.2.3) lib/abstract_controller/base.rb:134:in `process'
actionview (5.2.3) lib/action_view/rendering.rb:32:in `process'
actionpack (5.2.3) lib/action_controller/metal.rb:191:in `dispatch'
actionpack (5.2.3) lib/action_controller/metal.rb:252:in `dispatch'
actionpack (5.2.3) lib/action_dispatch/routing/route_set.rb:52:in `dispatch'
actionpack (5.2.3) lib/action_dispatch/routing/route_set.rb:34:in `serve'
actionpack (5.2.3) lib/action_dispatch/journey/router.rb:52:in `block in serve'
actionpack (5.2.3) lib/action_dispatch/journey/router.rb:35:in `each'
actionpack (5.2.3) lib/action_dispatch/journey/router.rb:35:in `serve'
actionpack (5.2.3) lib/action_dispatch/routing/route_set.rb:840:in `call'
rack (2.0.7) lib/rack/tempfile_reaper.rb:15:in `call'
rack (2.0.7) lib/rack/etag.rb:25:in `call'
rack (2.0.7) lib/rack/conditional_get.rb:25:in `call'
rack (2.0.7) lib/rack/head.rb:12:in `call'
actionpack (5.2.3) lib/action_dispatch/http/content_security_policy.rb:18:in `call'
rack (2.0.7) lib/rack/session/abstract/id.rb:232:in `context'
rack (2.0.7) lib/rack/session/abstract/id.rb:226:in `call'
actionpack (5.2.3) lib/action_dispatch/middleware/cookies.rb:670:in `call'
activerecord (5.2.3) lib/active_record/migration.rb:559:in `call'
actionpack (5.2.3) lib/action_dispatch/middleware/callbacks.rb:28:in `block in call'
activesupport (5.2.3) lib/active_support/callbacks.rb:98:in `run_callbacks'
actionpack (5.2.3) lib/action_dispatch/middleware/callbacks.rb:26:in `call'
actionpack (5.2.3) lib/action_dispatch/middleware/executor.rb:14:in `call'
actionpack (5.2.3) lib/action_dispatch/middleware/debug_exceptions.rb:61:in `call'
web-console (3.7.0) lib/web_console/middleware.rb:135:in `call_app'
web-console (3.7.0) lib/web_console/middleware.rb:30:in `block in call'
web-console (3.7.0) lib/web_console/middleware.rb:20:in `catch'
web-console (3.7.0) lib/web_console/middleware.rb:20:in `call'
actionpack (5.2.3) lib/action_dispatch/middleware/show_exceptions.rb:33:in `call'
railties (5.2.3) lib/rails/rack/logger.rb:38:in `call_app'
railties (5.2.3) lib/rails/rack/logger.rb:26:in `block in call'
activesupport (5.2.3) lib/active_support/tagged_logging.rb:71:in `block in tagged'
activesupport (5.2.3) lib/active_support/tagged_logging.rb:28:in `tagged'
activesupport (5.2.3) lib/active_support/tagged_logging.rb:71:in `tagged'
railties (5.2.3) lib/rails/rack/logger.rb:26:in `call'
sprockets-rails (3.2.1) lib/sprockets/rails/quiet_assets.rb:13:in `call'
actionpack (5.2.3) lib/action_dispatch/middleware/remote_ip.rb:81:in `call'
actionpack (5.2.3) lib/action_dispatch/middleware/request_id.rb:27:in `call'
rack (2.0.7) lib/rack/method_override.rb:22:in `call'
rack (2.0.7) lib/rack/runtime.rb:22:in `call'
activesupport (5.2.3) lib/active_support/cache/strategy/local_cache_middleware.rb:29:in `call'
actionpack (5.2.3) lib/action_dispatch/middleware/executor.rb:14:in `call'
actionpack (5.2.3) lib/action_dispatch/middleware/static.rb:127:in `call'
rack (2.0.7) lib/rack/sendfile.rb:111:in `call'
railties (5.2.3) lib/rails/engine.rb:524:in `call'
puma (3.12.1) lib/puma/configuration.rb:227:in `call'
puma (3.12.1) lib/puma/server.rb:660:in `handle_request'
puma (3.12.1) lib/puma/server.rb:474:in `process_client'
puma (3.12.1) lib/puma/server.rb:334:in `block in run'
puma (3.12.1) lib/puma/thread_pool.rb:135:in `block in spawn_thread'
Started GET "/articles/" for ::1 at 2019-05-08 23:27:09 +0200
Processing by ArticlesController#index as HTML
  Rendering articles/index.html.erb within layouts/application
  [1m[36mArticle Load (0.6ms)[0m  [1m[34mSELECT "articles".* FROM "articles"[0m
  ↳ app/views/articles/index.html.erb:4
  Rendered articles/index.html.erb within layouts/application (5.0ms)
Completed 200 OK in 56ms (Views: 52.7ms | ActiveRecord: 0.6ms)


Started GET "/articles/1" for ::1 at 2019-05-08 23:27:24 +0200
Processing by ArticlesController#show as HTML
  Parameters: {"id"=>"1"}
  [1m[36mArticle Load (0.2ms)[0m  [1m[34mSELECT  "articles".* FROM "articles" WHERE "articles"."id" = ? LIMIT ?[0m  [["id", 1], ["LIMIT", 1]]
  ↳ app/controllers/articles_controller.rb:7
  Rendering articles/show.html.erb within layouts/application
  Rendered articles/show.html.erb within layouts/application (0.6ms)
Completed 200 OK in 37ms (Views: 33.6ms | ActiveRecord: 0.2ms)


Started GET "/articles/" for ::1 at 2019-05-08 23:30:37 +0200
Processing by ArticlesController#index as HTML
  Rendering articles/index.html.erb within layouts/application
  [1m[36mArticle Load (0.4ms)[0m  [1m[34mSELECT "articles".* FROM "articles"[0m
  ↳ app/views/articles/index.html.erb:4
  Rendered articles/index.html.erb within layouts/application (18.4ms)
Completed 200 OK in 73ms (Views: 63.6ms | ActiveRecord: 2.7ms)


Started GET "/articles/1" for ::1 at 2019-05-08 23:30:38 +0200
Processing by ArticlesController#show as HTML
  Parameters: {"id"=>"1"}
  [1m[36mArticle Load (0.5ms)[0m  [1m[34mSELECT  "articles".* FROM "articles" WHERE "articles"."id" = ? LIMIT ?[0m  [["id", 1], ["LIMIT", 1]]
  ↳ app/controllers/articles_controller.rb:7
  Rendering articles/show.html.erb within layouts/application
  Rendered articles/show.html.erb within layouts/application (180.6ms)
Completed 500 Internal Server Error in 190ms (ActiveRecord: 0.5ms)


  
ActionView::Template::Error (undefined method `link_o' for #<#<Class:0x00007fd1c4067730>:0x00007fd1e899a8b0>
Did you mean?  link_to):
    1: <h1><%= @article.title %></h1>
    2: <p><%= @article.body %></p>
    3: 
    4: <%= link_o "<< Back to Articles List", articles_path %>
  
app/views/articles/show.html.erb:4:in `_app_views_articles_show_html_erb___597896702954962546_70269763625320'
Started GET "/articles/" for ::1 at 2019-05-08 23:30:41 +0200
Processing by ArticlesController#index as HTML
  Rendering articles/index.html.erb within layouts/application
  [1m[36mArticle Load (0.2ms)[0m  [1m[34mSELECT "articles".* FROM "articles"[0m
  ↳ app/views/articles/index.html.erb:4
  Rendered articles/index.html.erb within layouts/application (1.9ms)
Completed 200 OK in 24ms (Views: 22.6ms | ActiveRecord: 0.2ms)


Started GET "/articles/1" for ::1 at 2019-05-08 23:30:46 +0200
Processing by ArticlesController#show as HTML
  Parameters: {"id"=>"1"}
  [1m[36mArticle Load (0.3ms)[0m  [1m[34mSELECT  "articles".* FROM "articles" WHERE "articles"."id" = ? LIMIT ?[0m  [["id", 1], ["LIMIT", 1]]
  ↳ app/controllers/articles_controller.rb:7
  Rendering articles/show.html.erb within layouts/application
  Rendered articles/show.html.erb within layouts/application (1.5ms)
Completed 200 OK in 94ms (Views: 88.3ms | ActiveRecord: 0.3ms)


Started GET "/articles/" for ::1 at 2019-05-08 23:42:23 +0200
Processing by ArticlesController#index as HTML
  Rendering articles/index.html.erb within layouts/application
  [1m[36mArticle Load (0.5ms)[0m  [1m[34mSELECT "articles".* FROM "articles"[0m
  ↳ app/views/articles/index.html.erb:4
  Rendered articles/index.html.erb within layouts/application (4.7ms)
Completed 200 OK in 155ms (Views: 152.1ms | ActiveRecord: 0.5ms)


Started GET "/articles/2" for ::1 at 2019-05-08 23:42:24 +0200
Processing by ArticlesController#show as HTML
  Parameters: {"id"=>"2"}
  [1m[36mArticle Load (0.4ms)[0m  [1m[34mSELECT  "articles".* FROM "articles" WHERE "articles"."id" = ? LIMIT ?[0m  [["id", 2], ["LIMIT", 1]]
  ↳ app/controllers/articles_controller.rb:7
  Rendering articles/show.html.erb within layouts/application
  Rendered articles/show.html.erb within layouts/application (2.6ms)
Completed 200 OK in 55ms (Views: 50.6ms | ActiveRecord: 0.4ms)


Started GET "/articles/" for ::1 at 2019-05-09 00:04:32 +0200
  [1m[35m (0.2ms)[0m  [1m[34mSELECT "schema_migrations"."version" FROM "schema_migrations" ORDER BY "schema_migrations"."version" ASC[0m
  ↳ /home/aeriussu/.rbenv/versions/2.6.0/lib/ruby/gems/2.6.0/gems/activerecord-5.2.3/lib/active_record/log_subscriber.rb:98
Processing by ArticlesController#index as HTML
  Rendering articles/index.html.erb within layouts/application
  [1m[36mArticle Load (0.3ms)[0m  [1m[34mSELECT "articles".* FROM "articles"[0m
  ↳ app/views/articles/index.html.erb:4
  Rendered articles/index.html.erb within layouts/application (12.5ms)
Completed 200 OK in 336ms (Views: 318.9ms | ActiveRecord: 1.2ms)


Started GET "/articles/new" for ::1 at 2019-05-09 00:04:59 +0200
Processing by ArticlesController#new as HTML
  Rendering articles/new.html.erb within layouts/application
  Rendered articles/new.html.erb within layouts/application (6.8ms)
Completed 500 Internal Server Error in 12ms (ActiveRecord: 0.0ms)


  
ActionView::Template::Error (First argument in form cannot contain nil or be empty):
    1: <h1>Create a New Article</h1>
    2: 
    3: <%= form_for(@article) do |f| %>
    4: 	<ul>
    5: 		<% @article.errors.full_messages.each do |error| %>
    6: 			<li><%= error %></li>
  
app/views/articles/new.html.erb:3:in `_app_views_articles_new_html_erb___1702072814604425218_69973942800420'
Started GET "/articles/" for ::1 at 2019-05-09 00:05:06 +0200
Processing by ArticlesController#index as HTML
  Rendering articles/index.html.erb within layouts/application
  [1m[36mArticle Load (0.5ms)[0m  [1m[34mSELECT "articles".* FROM "articles"[0m
  ↳ app/views/articles/index.html.erb:4
  Rendered articles/index.html.erb within layouts/application (5.3ms)
Completed 200 OK in 43ms (Views: 39.8ms | ActiveRecord: 0.5ms)


Started GET "/articles/new" for ::1 at 2019-05-09 00:05:16 +0200
Processing by ArticlesController#new as HTML
  Rendering articles/new.html.erb within layouts/application
  Rendered articles/new.html.erb within layouts/application (18.3ms)
Completed 200 OK in 49ms (Views: 35.7ms | ActiveRecord: 1.1ms)


Started GET "/articles/new" for ::1 at 2019-05-09 00:08:11 +0200
Processing by ArticlesController#new as HTML
  Rendering articles/new.html.erb within layouts/application
  Rendered articles/new.html.erb within layouts/application (7.0ms)
Completed 200 OK in 78ms (Views: 57.7ms | ActiveRecord: 2.0ms)


Started POST "/articles" for ::1 at 2019-05-09 00:08:17 +0200
Processing by ArticlesController#create as HTML
  Parameters: {"utf8"=>"✓", "authenticity_token"=>"kcprKPM9F7+PHgJeYWj8XX/l7pcHXHigD20OwKxQF/9J0AL7dQv98rC41kTEoaiwo8pn0UV7QLZwWbmDmUaylg==", "article"=>{"title"=>"asodjasidjasipdj", "body"=>"saiohduoahd[asjdobao\r\nsas[jd[akd[oasjdpa\r\n\r\naas[\r\naso[dka[dj"}, "commit"=>"Create Article"}
Completed 500 Internal Server Error in 3ms (ActiveRecord: 0.0ms)


  
RuntimeError ():
  
app/controllers/articles_controller.rb:15:in `create'
Started POST "/articles" for ::1 at 2019-05-09 00:11:41 +0200
Processing by ArticlesController#create as HTML
  Parameters: {"utf8"=>"✓", "authenticity_token"=>"/5/zlSokSivEY5lncv/R/y98SWJPj9wVEs9xKSjPvZYGe21By4yXfeTYrTwerOMhH08EckRT3tRLWL+mSUYzuw==", "article"=>{"title"=>"Herbleweble", "body"=>"I don't think\r\nthat roses are yellow\r\nbut I do think\r\nthat they're red"}, "commit"=>"Create Article"}
  [1m[35m (0.1ms)[0m  [1m[36mbegin transaction[0m
  ↳ app/controllers/articles_controller.rb:17
  [1m[36mArticle Create (0.8ms)[0m  [1m[32mINSERT INTO "articles" ("title", "created_at", "updated_at") VALUES (?, ?, ?)[0m  [["title", "Herbleweble"], ["created_at", "2019-05-08 22:11:41.598560"], ["updated_at", "2019-05-08 22:11:41.598560"]]
  ↳ app/controllers/articles_controller.rb:17
  [1m[35m (8.2ms)[0m  [1m[36mcommit transaction[0m
  ↳ app/controllers/articles_controller.rb:17
Redirected to http://localhost:3000/articles/5
Completed 302 Found in 39ms (ActiveRecord: 10.8ms)


Started GET "/articles/5" for ::1 at 2019-05-09 00:11:41 +0200
Processing by ArticlesController#show as HTML
  Parameters: {"id"=>"5"}
  [1m[36mArticle Load (0.6ms)[0m  [1m[34mSELECT  "articles".* FROM "articles" WHERE "articles"."id" = ? LIMIT ?[0m  [["id", 5], ["LIMIT", 1]]
  ↳ app/controllers/articles_controller.rb:7
  Rendering articles/show.html.erb within layouts/application
  Rendered articles/show.html.erb within layouts/application (1.4ms)
Completed 200 OK in 87ms (Views: 79.0ms | ActiveRecord: 0.6ms)


Started GET "/articles" for ::1 at 2019-05-09 00:11:48 +0200
Processing by ArticlesController#index as HTML
  Rendering articles/index.html.erb within layouts/application
  [1m[36mArticle Load (0.6ms)[0m  [1m[34mSELECT "articles".* FROM "articles"[0m
  ↳ app/views/articles/index.html.erb:4
  Rendered articles/index.html.erb within layouts/application (6.0ms)
Completed 200 OK in 59ms (Views: 55.0ms | ActiveRecord: 0.6ms)


Started POST "/articles" for ::1 at 2019-05-09 00:13:10 +0200
Processing by ArticlesController#create as HTML
  Parameters: {"utf8"=>"✓", "authenticity_token"=>"/5/zlSokSivEY5lncv/R/y98SWJPj9wVEs9xKSjPvZYGe21By4yXfeTYrTwerOMhH08EckRT3tRLWL+mSUYzuw==", "article"=>{"title"=>"Herbleweble2", "body"=>"I don't think\r\nthat roses are yellow\r\nbut I do think\r\nthat they're red"}, "commit"=>"Create Article"}
  [1m[35m (0.1ms)[0m  [1m[36mbegin transaction[0m
  ↳ app/controllers/articles_controller.rb:18
  [1m[36mArticle Create (0.7ms)[0m  [1m[32mINSERT INTO "articles" ("title", "body", "created_at", "updated_at") VALUES (?, ?, ?, ?)[0m  [["title", "Herbleweble2"], ["body", "I don't think\r\nthat roses are yellow\r\nbut I do think\r\nthat they're red"], ["created_at", "2019-05-08 22:13:10.305520"], ["updated_at", "2019-05-08 22:13:10.305520"]]
  ↳ app/controllers/articles_controller.rb:18
  [1m[35m (3.2ms)[0m  [1m[36mcommit transaction[0m
  ↳ app/controllers/articles_controller.rb:18
Redirected to http://localhost:3000/articles/6
Completed 302 Found in 31ms (ActiveRecord: 5.8ms)


Started GET "/articles/6" for ::1 at 2019-05-09 00:13:10 +0200
Processing by ArticlesController#show as HTML
  Parameters: {"id"=>"6"}
  [1m[36mArticle Load (0.6ms)[0m  [1m[34mSELECT  "articles".* FROM "articles" WHERE "articles"."id" = ? LIMIT ?[0m  [["id", 6], ["LIMIT", 1]]
  ↳ app/controllers/articles_controller.rb:7
  Rendering articles/show.html.erb within layouts/application
  Rendered articles/show.html.erb within layouts/application (2.1ms)
Completed 200 OK in 58ms (Views: 50.2ms | ActiveRecord: 0.6ms)


Started GET "/articles" for ::1 at 2019-05-09 00:13:14 +0200
Processing by ArticlesController#index as HTML
  Rendering articles/index.html.erb within layouts/application
  [1m[36mArticle Load (0.7ms)[0m  [1m[34mSELECT "articles".* FROM "articles"[0m
  ↳ app/views/articles/index.html.erb:4
  Rendered articles/index.html.erb within layouts/application (6.1ms)
Completed 200 OK in 57ms (Views: 53.9ms | ActiveRecord: 0.7ms)


Started GET "/articles/new" for ::1 at 2019-05-09 00:14:56 +0200
Processing by ArticlesController#new as HTML
  Rendering articles/new.html.erb within layouts/application
  Rendered articles/new.html.erb within layouts/application (5.9ms)
Completed 200 OK in 82ms (Views: 57.4ms | ActiveRecord: 2.2ms)


Started POST "/articles" for ::1 at 2019-05-09 00:15:05 +0200
Processing by ArticlesController#create as HTML
  Parameters: {"utf8"=>"✓", "authenticity_token"=>"heFDQbWR1sucNmwyCYCsrwOL04zUXdwGPZJ5YtPHg2hd+yqSM6c8hqOQuCisSfhC36RaypZ65BBCps4h5tEmAQ==", "article"=>{"title"=>"Florblorb", "body"=>"Glorpworp"}, "commit"=>"Create Article"}
Completed 500 Internal Server Error in 2ms (ActiveRecord: 0.0ms)


  
ActiveModel::ForbiddenAttributesError (ActiveModel::ForbiddenAttributesError):
  
app/controllers/articles_controller.rb:15:in `create'
Started POST "/articles" for ::1 at 2019-05-09 00:17:18 +0200
Processing by ArticlesController#create as HTML
  Parameters: {"utf8"=>"✓", "authenticity_token"=>"kHzvZH3ofei0/ubLPYFm2cl6lLpLmTG8CX3XexupZwdpmHGwnECgvpRF0pBR0lQH+UnZqkBFM31Q6hn0eiDpKg==", "article"=>{"title"=>"Florblorb", "body"=>"Glorpworp"}, "commit"=>"Create Article"}
Completed 500 Internal Server Error in 8ms (ActiveRecord: 0.8ms)


  
ActiveModel::ForbiddenAttributesError (ActiveModel::ForbiddenAttributesError):
  
app/controllers/articles_controller.rb:17:in `create'
Started GET "/articles/new" for ::1 at 2019-05-09 00:17:23 +0200
Processing by ArticlesController#new as HTML
  Rendering articles/new.html.erb within layouts/application
  Rendered articles/new.html.erb within layouts/application (2.2ms)
Completed 200 OK in 18ms (Views: 16.4ms | ActiveRecord: 0.0ms)


Started POST "/articles" for ::1 at 2019-05-09 00:17:30 +0200
Processing by ArticlesController#create as HTML
  Parameters: {"utf8"=>"✓", "authenticity_token"=>"wUW60t2a/pRp5OjHgSfzNZdTIXN6sph9fPW1F7bRgxE4oSQGPDIjwklf3JztdMHrp2BsY3FumrwlYnuY11gNPA==", "article"=>{"title"=>"Fmopborp", "body"=>"lorpzorp"}, "commit"=>"Create Article"}
Completed 500 Internal Server Error in 1ms (ActiveRecord: 0.0ms)


  
ActiveModel::ForbiddenAttributesError (ActiveModel::ForbiddenAttributesError):
  
app/controllers/articles_controller.rb:17:in `create'
Started POST "/articles" for ::1 at 2019-05-09 00:18:29 +0200
Processing by ArticlesController#create as HTML
  Parameters: {"utf8"=>"✓", "authenticity_token"=>"wUW60t2a/pRp5OjHgSfzNZdTIXN6sph9fPW1F7bRgxE4oSQGPDIjwklf3JztdMHrp2BsY3FumrwlYnuY11gNPA==", "article"=>{"title"=>"Fmopborp", "body"=>"lorpzorp"}, "commit"=>"Create Article"}
  [1m[35m (0.1ms)[0m  [1m[36mbegin transaction[0m
  ↳ app/controllers/articles_controller.rb:18
  [1m[36mArticle Create (0.7ms)[0m  [1m[32mINSERT INTO "articles" ("title", "body", "created_at", "updated_at") VALUES (?, ?, ?, ?)[0m  [["title", "Fmopborp"], ["body", "lorpzorp"], ["created_at", "2019-05-08 22:18:29.754198"], ["updated_at", "2019-05-08 22:18:29.754198"]]
  ↳ app/controllers/articles_controller.rb:18
  [1m[35m (6.6ms)[0m  [1m[36mcommit transaction[0m
  ↳ app/controllers/articles_controller.rb:18
Redirected to http://localhost:3000/articles/7
Completed 302 Found in 38ms (ActiveRecord: 9.6ms)


Started GET "/articles/7" for ::1 at 2019-05-09 00:18:29 +0200
Processing by ArticlesController#show as HTML
  Parameters: {"id"=>"7"}
  [1m[36mArticle Load (0.7ms)[0m  [1m[34mSELECT  "articles".* FROM "articles" WHERE "articles"."id" = ? LIMIT ?[0m  [["id", 7], ["LIMIT", 1]]
  ↳ app/controllers/articles_controller.rb:9
  Rendering articles/show.html.erb within layouts/application
  Rendered articles/show.html.erb within layouts/application (1.9ms)
Completed 200 OK in 59ms (Views: 51.6ms | ActiveRecord: 0.7ms)


Started GET "/articles" for ::1 at 2019-05-09 00:18:31 +0200
Processing by ArticlesController#index as HTML
  Rendering articles/index.html.erb within layouts/application
  [1m[36mArticle Load (0.6ms)[0m  [1m[34mSELECT "articles".* FROM "articles"[0m
  ↳ app/views/articles/index.html.erb:4
  Rendered articles/index.html.erb within layouts/application (5.4ms)
Completed 200 OK in 47ms (Views: 43.4ms | ActiveRecord: 0.6ms)


Started GET "/articles/new" for ::1 at 2019-05-09 00:22:35 +0200
Processing by ArticlesController#new as HTML
  Rendering articles/new.html.erb within layouts/application
  Rendered articles/new.html.erb within layouts/application (6.8ms)
Completed 200 OK in 59ms (Views: 56.6ms | ActiveRecord: 0.0ms)


Started GET "/articles/new" for ::1 at 2019-05-09 16:04:29 +0200
  [1m[35m (0.4ms)[0m  [1m[34mSELECT "schema_migrations"."version" FROM "schema_migrations" ORDER BY "schema_migrations"."version" ASC[0m
  ↳ /home/aeriussu/.rbenv/versions/2.6.0/lib/ruby/gems/2.6.0/gems/activerecord-5.2.3/lib/active_record/log_subscriber.rb:98
Processing by ArticlesController#new as HTML
  Rendering articles/new.html.erb within layouts/application
  Rendered articles/new.html.erb within layouts/application (15.1ms)
Completed 200 OK in 304ms (Views: 285.9ms | ActiveRecord: 0.8ms)


Started GET "/articles" for ::1 at 2019-05-09 16:04:32 +0200
Processing by ArticlesController#index as HTML
  Rendering articles/index.html.erb within layouts/application
  [1m[36mArticle Load (0.7ms)[0m  [1m[34mSELECT "articles".* FROM "articles"[0m
  ↳ app/views/articles/index.html.erb:4
  Rendered articles/index.html.erb within layouts/application (8.1ms)
Completed 200 OK in 65ms (Views: 59.7ms | ActiveRecord: 0.7ms)


Started GET "/articles/1" for ::1 at 2019-05-09 16:04:34 +0200
Processing by ArticlesController#show as HTML
  Parameters: {"id"=>"1"}
  [1m[36mArticle Load (0.5ms)[0m  [1m[34mSELECT  "articles".* FROM "articles" WHERE "articles"."id" = ? LIMIT ?[0m  [["id", 1], ["LIMIT", 1]]
  ↳ app/controllers/articles_controller.rb:9
  Rendering articles/show.html.erb within layouts/application
  Rendered articles/show.html.erb within layouts/application (2.2ms)
Completed 200 OK in 66ms (Views: 57.4ms | ActiveRecord: 0.5ms)


Started GET "/articles/1" for ::1 at 2019-05-09 16:04:37 +0200
Processing by ArticlesController#show as HTML
  Parameters: {"id"=>"1"}
  [1m[36mArticle Load (0.4ms)[0m  [1m[34mSELECT  "articles".* FROM "articles" WHERE "articles"."id" = ? LIMIT ?[0m  [["id", 1], ["LIMIT", 1]]
  ↳ app/controllers/articles_controller.rb:9
  Rendering articles/show.html.erb within layouts/application
  Rendered articles/show.html.erb within layouts/application (2.0ms)
Completed 200 OK in 64ms (Views: 58.6ms | ActiveRecord: 0.4ms)


Started GET "/articles/1" for ::1 at 2019-05-09 16:04:41 +0200
Processing by ArticlesController#show as HTML
  Parameters: {"id"=>"1"}
  [1m[36mArticle Load (0.3ms)[0m  [1m[34mSELECT  "articles".* FROM "articles" WHERE "articles"."id" = ? LIMIT ?[0m  [["id", 1], ["LIMIT", 1]]
  ↳ app/controllers/articles_controller.rb:9
  Rendering articles/show.html.erb within layouts/application
  Rendered articles/show.html.erb within layouts/application (2.2ms)
Completed 200 OK in 54ms (Views: 49.2ms | ActiveRecord: 0.3ms)


Started GET "/articles/1" for ::1 at 2019-05-09 16:04:43 +0200
Processing by ArticlesController#show as HTML
  Parameters: {"id"=>"1"}
  [1m[36mArticle Load (0.3ms)[0m  [1m[34mSELECT  "articles".* FROM "articles" WHERE "articles"."id" = ? LIMIT ?[0m  [["id", 1], ["LIMIT", 1]]
  ↳ app/controllers/articles_controller.rb:9
  Rendering articles/show.html.erb within layouts/application
  Rendered articles/show.html.erb within layouts/application (1.5ms)
Completed 200 OK in 47ms (Views: 41.6ms | ActiveRecord: 0.3ms)


Started GET "/articles/1" for ::1 at 2019-05-09 16:04:46 +0200
Processing by ArticlesController#show as HTML
  Parameters: {"id"=>"1"}
  [1m[36mArticle Load (0.4ms)[0m  [1m[34mSELECT  "articles".* FROM "articles" WHERE "articles"."id" = ? LIMIT ?[0m  [["id", 1], ["LIMIT", 1]]
  ↳ app/controllers/articles_controller.rb:9
  Rendering articles/show.html.erb within layouts/application
  Rendered articles/show.html.erb within layouts/application (1.9ms)
Completed 200 OK in 53ms (Views: 47.7ms | ActiveRecord: 0.4ms)


Started GET "/articles/1" for ::1 at 2019-05-09 16:06:01 +0200
Processing by ArticlesController#show as HTML
  Parameters: {"id"=>"1"}
  [1m[36mArticle Load (0.4ms)[0m  [1m[34mSELECT  "articles".* FROM "articles" WHERE "articles"."id" = ? LIMIT ?[0m  [["id", 1], ["LIMIT", 1]]
  ↳ app/controllers/articles_controller.rb:9
  Rendering articles/show.html.erb within layouts/application
  Rendered articles/show.html.erb within layouts/application (2.3ms)
Completed 200 OK in 56ms (Views: 51.6ms | ActiveRecord: 0.4ms)


Started DELETE "/articles/1" for ::1 at 2019-05-09 16:06:04 +0200
  
AbstractController::ActionNotFound (The action 'destroy' could not be found for ArticlesController):
  
actionpack (5.2.3) lib/abstract_controller/base.rb:129:in `process'
actionview (5.2.3) lib/action_view/rendering.rb:32:in `process'
actionpack (5.2.3) lib/action_controller/metal.rb:191:in `dispatch'
actionpack (5.2.3) lib/action_controller/metal.rb:252:in `dispatch'
actionpack (5.2.3) lib/action_dispatch/routing/route_set.rb:52:in `dispatch'
actionpack (5.2.3) lib/action_dispatch/routing/route_set.rb:34:in `serve'
actionpack (5.2.3) lib/action_dispatch/journey/router.rb:52:in `block in serve'
actionpack (5.2.3) lib/action_dispatch/journey/router.rb:35:in `each'
actionpack (5.2.3) lib/action_dispatch/journey/router.rb:35:in `serve'
actionpack (5.2.3) lib/action_dispatch/routing/route_set.rb:840:in `call'
rack (2.0.7) lib/rack/tempfile_reaper.rb:15:in `call'
rack (2.0.7) lib/rack/etag.rb:25:in `call'
rack (2.0.7) lib/rack/conditional_get.rb:38:in `call'
rack (2.0.7) lib/rack/head.rb:12:in `call'
actionpack (5.2.3) lib/action_dispatch/http/content_security_policy.rb:18:in `call'
rack (2.0.7) lib/rack/session/abstract/id.rb:232:in `context'
rack (2.0.7) lib/rack/session/abstract/id.rb:226:in `call'
actionpack (5.2.3) lib/action_dispatch/middleware/cookies.rb:670:in `call'
activerecord (5.2.3) lib/active_record/migration.rb:559:in `call'
actionpack (5.2.3) lib/action_dispatch/middleware/callbacks.rb:28:in `block in call'
activesupport (5.2.3) lib/active_support/callbacks.rb:98:in `run_callbacks'
actionpack (5.2.3) lib/action_dispatch/middleware/callbacks.rb:26:in `call'
actionpack (5.2.3) lib/action_dispatch/middleware/executor.rb:14:in `call'
actionpack (5.2.3) lib/action_dispatch/middleware/debug_exceptions.rb:61:in `call'
web-console (3.7.0) lib/web_console/middleware.rb:135:in `call_app'
web-console (3.7.0) lib/web_console/middleware.rb:30:in `block in call'
web-console (3.7.0) lib/web_console/middleware.rb:20:in `catch'
web-console (3.7.0) lib/web_console/middleware.rb:20:in `call'
actionpack (5.2.3) lib/action_dispatch/middleware/show_exceptions.rb:33:in `call'
railties (5.2.3) lib/rails/rack/logger.rb:38:in `call_app'
railties (5.2.3) lib/rails/rack/logger.rb:26:in `block in call'
activesupport (5.2.3) lib/active_support/tagged_logging.rb:71:in `block in tagged'
activesupport (5.2.3) lib/active_support/tagged_logging.rb:28:in `tagged'
activesupport (5.2.3) lib/active_support/tagged_logging.rb:71:in `tagged'
railties (5.2.3) lib/rails/rack/logger.rb:26:in `call'
sprockets-rails (3.2.1) lib/sprockets/rails/quiet_assets.rb:13:in `call'
actionpack (5.2.3) lib/action_dispatch/middleware/remote_ip.rb:81:in `call'
actionpack (5.2.3) lib/action_dispatch/middleware/request_id.rb:27:in `call'
rack (2.0.7) lib/rack/method_override.rb:22:in `call'
rack (2.0.7) lib/rack/runtime.rb:22:in `call'
activesupport (5.2.3) lib/active_support/cache/strategy/local_cache_middleware.rb:29:in `call'
actionpack (5.2.3) lib/action_dispatch/middleware/executor.rb:14:in `call'
actionpack (5.2.3) lib/action_dispatch/middleware/static.rb:127:in `call'
rack (2.0.7) lib/rack/sendfile.rb:111:in `call'
railties (5.2.3) lib/rails/engine.rb:524:in `call'
puma (3.12.1) lib/puma/configuration.rb:227:in `call'
puma (3.12.1) lib/puma/server.rb:660:in `handle_request'
puma (3.12.1) lib/puma/server.rb:474:in `process_client'
puma (3.12.1) lib/puma/server.rb:334:in `block in run'
puma (3.12.1) lib/puma/thread_pool.rb:135:in `block in spawn_thread'
Started DELETE "/articles/1" for ::1 at 2019-05-09 16:07:38 +0200
Processing by ArticlesController#destroy as HTML
  Parameters: {"authenticity_token"=>"EHbbLSSW56aNPdx65njga6cH108oeP5KH90HkI/slATpkkX5xT468K2G6CGKK9K1lzSaXyOk/ItGSskf7mUaKQ==", "id"=>"1"}
  [1m[36mArticle Load (0.4ms)[0m  [1m[34mSELECT  "articles".* FROM "articles" WHERE "articles"."id" = ? LIMIT ?[0m  [["id", 1], ["LIMIT", 1]]
  ↳ app/controllers/articles_controller.rb:24
  [1m[35m (0.1ms)[0m  [1m[36mbegin transaction[0m
  ↳ app/controllers/articles_controller.rb:26
  [1m[36mArticle Destroy (0.6ms)[0m  [1m[31mDELETE FROM "articles" WHERE "articles"."id" = ?[0m  [["id", 1]]
  ↳ app/controllers/articles_controller.rb:26
  [1m[35m (3.0ms)[0m  [1m[36mcommit transaction[0m
  ↳ app/controllers/articles_controller.rb:26
Redirected to http://localhost:3000/articles/1
Completed 302 Found in 32ms (ActiveRecord: 5.7ms)


Started GET "/articles/1" for ::1 at 2019-05-09 16:07:38 +0200
Processing by ArticlesController#show as HTML
  Parameters: {"id"=>"1"}
  [1m[36mArticle Load (0.4ms)[0m  [1m[34mSELECT  "articles".* FROM "articles" WHERE "articles"."id" = ? LIMIT ?[0m  [["id", 1], ["LIMIT", 1]]
  ↳ app/controllers/articles_controller.rb:9
Completed 404 Not Found in 4ms (ActiveRecord: 0.4ms)


  
ActiveRecord::RecordNotFound (Couldn't find Article with 'id'=1):
  
app/controllers/articles_controller.rb:9:in `show'
Started GET "/articles" for ::1 at 2019-05-09 16:07:58 +0200
Processing by ArticlesController#index as HTML
  Rendering articles/index.html.erb within layouts/application
  [1m[36mArticle Load (0.6ms)[0m  [1m[34mSELECT "articles".* FROM "articles"[0m
  ↳ app/views/articles/index.html.erb:4
  Rendered articles/index.html.erb within layouts/application (6.4ms)
Completed 200 OK in 69ms (Views: 64.7ms | ActiveRecord: 0.6ms)


Started GET "/articles" for ::1 at 2019-05-09 16:07:59 +0200
Processing by ArticlesController#index as HTML
  Rendering articles/index.html.erb within layouts/application
  [1m[36mArticle Load (0.4ms)[0m  [1m[34mSELECT "articles".* FROM "articles"[0m
  ↳ app/views/articles/index.html.erb:4
  Rendered articles/index.html.erb within layouts/application (4.6ms)
Completed 200 OK in 55ms (Views: 51.2ms | ActiveRecord: 0.4ms)


Started GET "/articles/5" for ::1 at 2019-05-09 16:08:01 +0200
Processing by ArticlesController#show as HTML
  Parameters: {"id"=>"5"}
  [1m[36mArticle Load (0.4ms)[0m  [1m[34mSELECT  "articles".* FROM "articles" WHERE "articles"."id" = ? LIMIT ?[0m  [["id", 5], ["LIMIT", 1]]
  ↳ app/controllers/articles_controller.rb:9
  Rendering articles/show.html.erb within layouts/application
  Rendered articles/show.html.erb within layouts/application (2.3ms)
Completed 200 OK in 53ms (Views: 47.4ms | ActiveRecord: 0.4ms)


Started DELETE "/articles/5" for ::1 at 2019-05-09 16:08:03 +0200
Processing by ArticlesController#destroy as HTML
  Parameters: {"authenticity_token"=>"UPgP1Lo75bKGlaHp80qtVd7CVIrjWhqP1n1R1S8a+7GpHJEAW5M45KYulbKfGZ+L7vEZmuiGGE6P6p9aTpN1nA==", "id"=>"5"}
  [1m[36mArticle Load (0.4ms)[0m  [1m[34mSELECT  "articles".* FROM "articles" WHERE "articles"."id" = ? LIMIT ?[0m  [["id", 5], ["LIMIT", 1]]
  ↳ app/controllers/articles_controller.rb:24
  [1m[35m (0.2ms)[0m  [1m[36mbegin transaction[0m
  ↳ app/controllers/articles_controller.rb:26
  [1m[36mArticle Destroy (0.7ms)[0m  [1m[31mDELETE FROM "articles" WHERE "articles"."id" = ?[0m  [["id", 5]]
  ↳ app/controllers/articles_controller.rb:26
  [1m[35m (4.3ms)[0m  [1m[36mcommit transaction[0m
  ↳ app/controllers/articles_controller.rb:26
Redirected to http://localhost:3000/articles/5
Completed 302 Found in 16ms (ActiveRecord: 5.6ms)


Started GET "/articles/5" for ::1 at 2019-05-09 16:08:03 +0200
Processing by ArticlesController#show as HTML
  Parameters: {"id"=>"5"}
  [1m[36mArticle Load (0.3ms)[0m  [1m[34mSELECT  "articles".* FROM "articles" WHERE "articles"."id" = ? LIMIT ?[0m  [["id", 5], ["LIMIT", 1]]
  ↳ app/controllers/articles_controller.rb:9
Completed 404 Not Found in 3ms (ActiveRecord: 0.3ms)


  
ActiveRecord::RecordNotFound (Couldn't find Article with 'id'=5):
  
app/controllers/articles_controller.rb:9:in `show'
Started GET "/articles" for ::1 at 2019-05-09 16:08:13 +0200
Processing by ArticlesController#index as HTML
  Rendering articles/index.html.erb within layouts/application
  [1m[36mArticle Load (0.5ms)[0m  [1m[34mSELECT "articles".* FROM "articles"[0m
  ↳ app/views/articles/index.html.erb:4
  Rendered articles/index.html.erb within layouts/application (5.6ms)
Completed 200 OK in 54ms (Views: 50.9ms | ActiveRecord: 0.5ms)


Started GET "/articles" for ::1 at 2019-05-09 16:09:02 +0200
Processing by ArticlesController#index as HTML
  Rendering articles/index.html.erb within layouts/application
  [1m[36mArticle Load (0.6ms)[0m  [1m[34mSELECT "articles".* FROM "articles"[0m
  ↳ app/views/articles/index.html.erb:4
  Rendered articles/index.html.erb within layouts/application (24.1ms)
Completed 200 OK in 60ms (Views: 50.2ms | ActiveRecord: 3.2ms)


Started GET "/articles/6" for ::1 at 2019-05-09 16:09:03 +0200
Processing by ArticlesController#show as HTML
  Parameters: {"id"=>"6"}
  [1m[36mArticle Load (0.7ms)[0m  [1m[34mSELECT  "articles".* FROM "articles" WHERE "articles"."id" = ? LIMIT ?[0m  [["id", 6], ["LIMIT", 1]]
  ↳ app/controllers/articles_controller.rb:9
  Rendering articles/show.html.erb within layouts/application
  Rendered articles/show.html.erb within layouts/application (2.3ms)
Completed 200 OK in 58ms (Views: 52.2ms | ActiveRecord: 0.7ms)


Started DELETE "/articles/6" for ::1 at 2019-05-09 16:09:05 +0200
Processing by ArticlesController#destroy as HTML
  Parameters: {"authenticity_token"=>"sMaOX6jL5qWsLX+b5Z8EedqYZ9vGcofHjeAsEgaCPZNJIhCLSWM784yWS8CJzDan6qsqy82uhQbUd+KdZwuzvg==", "id"=>"6"}
  [1m[36mArticle Load (0.4ms)[0m  [1m[34mSELECT  "articles".* FROM "articles" WHERE "articles"."id" = ? LIMIT ?[0m  [["id", 6], ["LIMIT", 1]]
  ↳ app/controllers/articles_controller.rb:24
  [1m[35m (0.2ms)[0m  [1m[36mbegin transaction[0m
  ↳ app/controllers/articles_controller.rb:26
  [1m[36mArticle Destroy (0.6ms)[0m  [1m[31mDELETE FROM "articles" WHERE "articles"."id" = ?[0m  [["id", 6]]
  ↳ app/controllers/articles_controller.rb:26
  [1m[35m (4.4ms)[0m  [1m[36mcommit transaction[0m
  ↳ app/controllers/articles_controller.rb:26
Redirected to http://localhost:3000/articles
Completed 302 Found in 16ms (ActiveRecord: 5.6ms)


Started GET "/articles" for ::1 at 2019-05-09 16:09:05 +0200
Processing by ArticlesController#index as HTML
  Rendering articles/index.html.erb within layouts/application
  [1m[36mArticle Load (0.4ms)[0m  [1m[34mSELECT "articles".* FROM "articles"[0m
  ↳ app/views/articles/index.html.erb:4
  Rendered articles/index.html.erb within layouts/application (4.8ms)
Completed 200 OK in 44ms (Views: 41.5ms | ActiveRecord: 0.4ms)


Started GET "/articles/2" for ::1 at 2019-05-09 16:09:43 +0200
Processing by ArticlesController#show as HTML
  Parameters: {"id"=>"2"}
  [1m[36mArticle Load (0.5ms)[0m  [1m[34mSELECT  "articles".* FROM "articles" WHERE "articles"."id" = ? LIMIT ?[0m  [["id", 2], ["LIMIT", 1]]
  ↳ app/controllers/articles_controller.rb:9
  Rendering articles/show.html.erb within layouts/application
  Rendered articles/show.html.erb within layouts/application (2.0ms)
Completed 500 Internal Server Error in 12ms (ActiveRecord: 0.5ms)


  
SyntaxError (/home/aeriussu/development/rails/RoR_Blogger/app/views/articles/show.html.erb:7: syntax error, unexpected ':', expecting ')'
	data: {confirm: "Are you sure you'...
	    ^):
  
app/views/articles/show.html.erb:7: syntax error, unexpected ':', expecting ')'
Started GET "/articles/2" for ::1 at 2019-05-09 16:10:09 +0200
Processing by ArticlesController#show as HTML
  Parameters: {"id"=>"2"}
  [1m[36mArticle Load (0.3ms)[0m  [1m[34mSELECT  "articles".* FROM "articles" WHERE "articles"."id" = ? LIMIT ?[0m  [["id", 2], ["LIMIT", 1]]
  ↳ app/controllers/articles_controller.rb:9
  Rendering articles/show.html.erb within layouts/application
  Rendered articles/show.html.erb within layouts/application (1.6ms)
Completed 200 OK in 44ms (Views: 39.9ms | ActiveRecord: 0.3ms)


Started GET "/articles" for ::1 at 2019-05-09 16:27:14 +0200
Processing by ArticlesController#index as HTML
  Rendering articles/index.html.erb within layouts/application
  [1m[36mArticle Load (0.6ms)[0m  [1m[34mSELECT "articles".* FROM "articles"[0m
  ↳ app/views/articles/index.html.erb:4
  Rendered articles/index.html.erb within layouts/application (26.5ms)
Completed 500 Internal Server Error in 39ms (ActiveRecord: 2.8ms)


  
ActionView::Template::Error (No route matches {:action=>"edit", :controller=>"articles", :id=>nil}, missing required keys: [:id]):
    4: 	<% @articles.each do |article| %>
    5: 		<li>
    6: 			<%= link_to article.title, article_path(article) %>
    7: 			[<%= link_to "edit", edit_article_path(@article) %>]
    8: 		</li>
    9: 	<% end %>
   10: </ul>
  
app/views/articles/index.html.erb:7:in `block in _app_views_articles_index_html_erb__2343133445924443554_70105677794520'
app/views/articles/index.html.erb:4:in `_app_views_articles_index_html_erb__2343133445924443554_70105677794520'
Started GET "/articles" for ::1 at 2019-05-09 16:29:31 +0200
Processing by ArticlesController#index as HTML
  Rendering articles/index.html.erb within layouts/application
  [1m[36mArticle Load (0.3ms)[0m  [1m[34mSELECT "articles".* FROM "articles"[0m
  ↳ app/views/articles/index.html.erb:4
  Rendered articles/index.html.erb within layouts/application (4.8ms)
Completed 200 OK in 95ms (Views: 91.8ms | ActiveRecord: 0.3ms)


Started GET "/articles/2" for ::1 at 2019-05-09 16:29:33 +0200
Processing by ArticlesController#show as HTML
  Parameters: {"id"=>"2"}
  [1m[36mArticle Load (0.6ms)[0m  [1m[34mSELECT  "articles".* FROM "articles" WHERE "articles"."id" = ? LIMIT ?[0m  [["id", 2], ["LIMIT", 1]]
  ↳ app/controllers/articles_controller.rb:9
  Rendering articles/show.html.erb within layouts/application
  Rendered articles/show.html.erb within layouts/application (3.1ms)
Completed 200 OK in 61ms (Views: 53.9ms | ActiveRecord: 0.6ms)


Started GET "/articles/2" for ::1 at 2019-05-09 16:30:11 +0200
Processing by ArticlesController#show as HTML
  Parameters: {"id"=>"2"}
  [1m[36mArticle Load (0.2ms)[0m  [1m[34mSELECT  "articles".* FROM "articles" WHERE "articles"."id" = ? LIMIT ?[0m  [["id", 2], ["LIMIT", 1]]
  ↳ app/controllers/articles_controller.rb:9
  Rendering articles/show.html.erb within layouts/application
  Rendered articles/show.html.erb within layouts/application (2.6ms)
Completed 200 OK in 49ms (Views: 45.3ms | ActiveRecord: 0.2ms)


Started GET "/articles/2/edit" for ::1 at 2019-05-09 16:30:17 +0200
Processing by ArticlesController#edit as HTML
  Parameters: {"id"=>"2"}
  [1m[36mArticle Load (0.3ms)[0m  [1m[34mSELECT  "articles".* FROM "articles" WHERE "articles"."id" = ? LIMIT ?[0m  [["id", 2], ["LIMIT", 1]]
  ↳ app/controllers/articles_controller.rb:32
  Rendering articles/edit.html.erb within layouts/application
  Rendered articles/edit.html.erb within layouts/application (1.0ms)
Completed 200 OK in 63ms (Views: 58.7ms | ActiveRecord: 0.3ms)


Started GET "/articles/2/edit" for ::1 at 2019-05-09 16:31:46 +0200
Processing by ArticlesController#edit as HTML
  Parameters: {"id"=>"2"}
  [1m[36mArticle Load (0.3ms)[0m  [1m[34mSELECT  "articles".* FROM "articles" WHERE "articles"."id" = ? LIMIT ?[0m  [["id", 2], ["LIMIT", 1]]
  ↳ app/controllers/articles_controller.rb:32
  Rendering articles/edit.html.erb within layouts/application
  Rendered articles/_form.html.erb (4.8ms)
  Rendered articles/edit.html.erb within layouts/application (6.8ms)
Completed 200 OK in 50ms (Views: 45.9ms | ActiveRecord: 0.3ms)


Started PATCH "/articles/2" for ::1 at 2019-05-09 16:31:51 +0200
Processing by ArticlesController#update as HTML
  Parameters: {"utf8"=>"✓", "authenticity_token"=>"hdj9HBSexCOAiiv18XfnIqqUaFNSWcB5lin6cLq5qzN8PGPI9TYZdaAxH66dJNX8mqclQ1mFwrjPvjT/2zAlHg==", "article"=>{"title"=>"This is article #2", "body"=>"This is article #2's body!"}, "commit"=>"Update Article", "id"=>"2"}
  [1m[36mArticle Load (0.3ms)[0m  [1m[34mSELECT  "articles".* FROM "articles" WHERE "articles"."id" = ? LIMIT ?[0m  [["id", 2], ["LIMIT", 1]]
  ↳ app/controllers/articles_controller.rb:36
  [1m[35m (0.1ms)[0m  [1m[36mbegin transaction[0m
  ↳ app/controllers/articles_controller.rb:37
  [1m[36mArticle Update (0.7ms)[0m  [1m[33mUPDATE "articles" SET "body" = ?, "updated_at" = ? WHERE "articles"."id" = ?[0m  [["body", "This is article #2's body!"], ["updated_at", "2019-05-09 14:31:51.257710"], ["id", 2]]
  ↳ app/controllers/articles_controller.rb:37
  [1m[35m (2.9ms)[0m  [1m[36mcommit transaction[0m
  ↳ app/controllers/articles_controller.rb:37
Redirected to http://localhost:3000/articles/2
Completed 302 Found in 17ms (ActiveRecord: 4.0ms)


Started GET "/articles/2" for ::1 at 2019-05-09 16:31:51 +0200
Processing by ArticlesController#show as HTML
  Parameters: {"id"=>"2"}
  [1m[36mArticle Load (0.3ms)[0m  [1m[34mSELECT  "articles".* FROM "articles" WHERE "articles"."id" = ? LIMIT ?[0m  [["id", 2], ["LIMIT", 1]]
  ↳ app/controllers/articles_controller.rb:9
  Rendering articles/show.html.erb within layouts/application
  Rendered articles/show.html.erb within layouts/application (2.2ms)
Completed 200 OK in 48ms (Views: 43.5ms | ActiveRecord: 0.3ms)


Started GET "/articles/2/edit" for ::1 at 2019-05-09 16:33:51 +0200
Processing by ArticlesController#edit as HTML
  Parameters: {"id"=>"2"}
  [1m[36mArticle Load (0.4ms)[0m  [1m[34mSELECT  "articles".* FROM "articles" WHERE "articles"."id" = ? LIMIT ?[0m  [["id", 2], ["LIMIT", 1]]
  ↳ app/controllers/articles_controller.rb:32
  Rendering articles/edit.html.erb within layouts/application
  Rendered articles/_form.html.erb (6.1ms)
  Rendered articles/edit.html.erb within layouts/application (8.6ms)
Completed 200 OK in 80ms (Views: 58.8ms | ActiveRecord: 2.1ms)


Started PATCH "/articles/2" for ::1 at 2019-05-09 16:33:53 +0200
Processing by ArticlesController#update as HTML
  Parameters: {"utf8"=>"✓", "authenticity_token"=>"D8Si6jpTzvhnbrkRMx1x4nwSgb2z92/PPztcMonZE8PdfzvxziziRrT0/xYsbeyhWsaq00mRBUC9mrUH62WslA==", "article"=>{"title"=>"This is article #2", "body"=>"This is article #2's body!!"}, "commit"=>"Update Article", "id"=>"2"}
  [1m[36mArticle Load (0.4ms)[0m  [1m[34mSELECT  "articles".* FROM "articles" WHERE "articles"."id" = ? LIMIT ?[0m  [["id", 2], ["LIMIT", 1]]
  ↳ app/controllers/articles_controller.rb:36
  [1m[35m (0.2ms)[0m  [1m[36mbegin transaction[0m
  ↳ app/controllers/articles_controller.rb:37
  [1m[36mArticle Update (0.7ms)[0m  [1m[33mUPDATE "articles" SET "body" = ?, "updated_at" = ? WHERE "articles"."id" = ?[0m  [["body", "This is article #2's body!!"], ["updated_at", "2019-05-09 14:33:53.949975"], ["id", 2]]
  ↳ app/controllers/articles_controller.rb:37
  [1m[35m (10.7ms)[0m  [1m[36mcommit transaction[0m
  ↳ app/controllers/articles_controller.rb:37
Redirected to http://localhost:3000/articles/2
Completed 302 Found in 26ms (ActiveRecord: 12.0ms)


Started GET "/articles/2" for ::1 at 2019-05-09 16:33:54 +0200
Processing by ArticlesController#show as HTML
  Parameters: {"id"=>"2"}
  [1m[36mArticle Load (0.4ms)[0m  [1m[34mSELECT  "articles".* FROM "articles" WHERE "articles"."id" = ? LIMIT ?[0m  [["id", 2], ["LIMIT", 1]]
  ↳ app/controllers/articles_controller.rb:9
  Rendering articles/show.html.erb within layouts/application
  Rendered articles/show.html.erb within layouts/application (2.1ms)
Completed 200 OK in 53ms (Views: 48.3ms | ActiveRecord: 0.4ms)


Started GET "/articles" for ::1 at 2019-05-09 16:33:56 +0200
Processing by ArticlesController#index as HTML
  Rendering articles/index.html.erb within layouts/application
  [1m[36mArticle Load (0.5ms)[0m  [1m[34mSELECT "articles".* FROM "articles"[0m
  ↳ app/views/articles/index.html.erb:4
  Rendered articles/index.html.erb within layouts/application (5.2ms)
Completed 200 OK in 55ms (Views: 52.1ms | ActiveRecord: 0.5ms)


Started GET "/articles/2" for ::1 at 2019-05-09 16:33:58 +0200
Processing by ArticlesController#show as HTML
  Parameters: {"id"=>"2"}
  [1m[36mArticle Load (0.5ms)[0m  [1m[34mSELECT  "articles".* FROM "articles" WHERE "articles"."id" = ? LIMIT ?[0m  [["id", 2], ["LIMIT", 1]]
  ↳ app/controllers/articles_controller.rb:9
  Rendering articles/show.html.erb within layouts/application
  Rendered articles/show.html.erb within layouts/application (3.1ms)
Completed 200 OK in 103ms (Views: 97.2ms | ActiveRecord: 0.5ms)


Started GET "/articles/2" for ::1 at 2019-05-09 16:34:00 +0200
Processing by ArticlesController#show as HTML
  Parameters: {"id"=>"2"}
  [1m[36mArticle Load (0.4ms)[0m  [1m[34mSELECT  "articles".* FROM "articles" WHERE "articles"."id" = ? LIMIT ?[0m  [["id", 2], ["LIMIT", 1]]
  ↳ app/controllers/articles_controller.rb:9
  Rendering articles/show.html.erb within layouts/application
  Rendered articles/show.html.erb within layouts/application (2.7ms)
Completed 200 OK in 59ms (Views: 53.8ms | ActiveRecord: 0.4ms)


Started GET "/articles/2" for ::1 at 2019-05-09 16:34:01 +0200
Processing by ArticlesController#show as HTML
  Parameters: {"id"=>"2"}
  [1m[36mArticle Load (0.3ms)[0m  [1m[34mSELECT  "articles".* FROM "articles" WHERE "articles"."id" = ? LIMIT ?[0m  [["id", 2], ["LIMIT", 1]]
  ↳ app/controllers/articles_controller.rb:9
  Rendering articles/show.html.erb within layouts/application
  Rendered articles/show.html.erb within layouts/application (1.9ms)
Completed 200 OK in 55ms (Views: 50.5ms | ActiveRecord: 0.3ms)


Started GET "/articles/2/edit" for ::1 at 2019-05-09 16:34:02 +0200
Processing by ArticlesController#edit as HTML
  Parameters: {"id"=>"2"}
  [1m[36mArticle Load (0.3ms)[0m  [1m[34mSELECT  "articles".* FROM "articles" WHERE "articles"."id" = ? LIMIT ?[0m  [["id", 2], ["LIMIT", 1]]
  ↳ app/controllers/articles_controller.rb:32
  Rendering articles/edit.html.erb within layouts/application
  Rendered articles/_form.html.erb (7.7ms)
  Rendered articles/edit.html.erb within layouts/application (10.9ms)
Completed 200 OK in 62ms (Views: 57.5ms | ActiveRecord: 0.3ms)


Started PATCH "/articles/2" for ::1 at 2019-05-09 16:34:04 +0200
Processing by ArticlesController#update as HTML
  Parameters: {"utf8"=>"✓", "authenticity_token"=>"qUJ94mYjdtpz7TtRWcgRFON67LdlfGNWW52XSi6a9Jl7+eT5klxaZKB3fVZGuIxXxa7H2Z8aCdnZPH5/TCZLzg==", "article"=>{"title"=>"This is article #2", "body"=>"This is article #2's body!"}, "commit"=>"Update Article", "id"=>"2"}
  [1m[36mArticle Load (0.4ms)[0m  [1m[34mSELECT  "articles".* FROM "articles" WHERE "articles"."id" = ? LIMIT ?[0m  [["id", 2], ["LIMIT", 1]]
  ↳ app/controllers/articles_controller.rb:36
  [1m[35m (0.2ms)[0m  [1m[36mbegin transaction[0m
  ↳ app/controllers/articles_controller.rb:37
  [1m[36mArticle Update (0.8ms)[0m  [1m[33mUPDATE "articles" SET "body" = ?, "updated_at" = ? WHERE "articles"."id" = ?[0m  [["body", "This is article #2's body!"], ["updated_at", "2019-05-09 14:34:04.594809"], ["id", 2]]
  ↳ app/controllers/articles_controller.rb:37
  [1m[35m (4.1ms)[0m  [1m[36mcommit transaction[0m
  ↳ app/controllers/articles_controller.rb:37
Redirected to http://localhost:3000/articles/2
Completed 302 Found in 19ms (ActiveRecord: 5.5ms)


Started GET "/articles/2" for ::1 at 2019-05-09 16:34:04 +0200
Processing by ArticlesController#show as HTML
  Parameters: {"id"=>"2"}
  [1m[36mArticle Load (0.4ms)[0m  [1m[34mSELECT  "articles".* FROM "articles" WHERE "articles"."id" = ? LIMIT ?[0m  [["id", 2], ["LIMIT", 1]]
  ↳ app/controllers/articles_controller.rb:9
  Rendering articles/show.html.erb within layouts/application
  Rendered articles/show.html.erb within layouts/application (2.6ms)
Completed 200 OK in 56ms (Views: 50.7ms | ActiveRecord: 0.4ms)


Started GET "/articles" for ::1 at 2019-05-09 16:34:06 +0200
Processing by ArticlesController#index as HTML
  Rendering articles/index.html.erb within layouts/application
  [1m[36mArticle Load (0.4ms)[0m  [1m[34mSELECT "articles".* FROM "articles"[0m
  ↳ app/views/articles/index.html.erb:4
  Rendered articles/index.html.erb within layouts/application (5.5ms)
Completed 200 OK in 65ms (Views: 61.8ms | ActiveRecord: 0.4ms)


Started GET "/articles/2" for ::1 at 2019-05-09 16:34:08 +0200
Processing by ArticlesController#show as HTML
  Parameters: {"id"=>"2"}
  [1m[36mArticle Load (0.5ms)[0m  [1m[34mSELECT  "articles".* FROM "articles" WHERE "articles"."id" = ? LIMIT ?[0m  [["id", 2], ["LIMIT", 1]]
  ↳ app/controllers/articles_controller.rb:9
  Rendering articles/show.html.erb within layouts/application
  Rendered articles/show.html.erb within layouts/application (3.3ms)
Completed 200 OK in 75ms (Views: 68.6ms | ActiveRecord: 0.5ms)


Started GET "/articles" for ::1 at 2019-05-09 16:34:10 +0200
Processing by ArticlesController#index as HTML
  Rendering articles/index.html.erb within layouts/application
  [1m[36mArticle Load (0.4ms)[0m  [1m[34mSELECT "articles".* FROM "articles"[0m
  ↳ app/views/articles/index.html.erb:4
  Rendered articles/index.html.erb within layouts/application (6.2ms)
Completed 200 OK in 71ms (Views: 66.9ms | ActiveRecord: 0.4ms)


Started GET "/articles/7" for ::1 at 2019-05-09 16:35:57 +0200
Processing by ArticlesController#show as HTML
  Parameters: {"id"=>"7"}
  [1m[36mArticle Load (0.4ms)[0m  [1m[34mSELECT  "articles".* FROM "articles" WHERE "articles"."id" = ? LIMIT ?[0m  [["id", 7], ["LIMIT", 1]]
  ↳ app/controllers/articles_controller.rb:9
  Rendering articles/show.html.erb within layouts/application
  Rendered articles/show.html.erb within layouts/application (2.8ms)
Completed 200 OK in 70ms (Views: 45.3ms | ActiveRecord: 2.1ms)


Started DELETE "/articles/7" for ::1 at 2019-05-09 16:36:00 +0200
Processing by ArticlesController#destroy as HTML
  Parameters: {"authenticity_token"=>"Unw0SrYixGr4XTIZB/lK6chXln+3s/IzOA68GIVqMpyrmKqeV4oZPNjmBkJrqng3+GTbb7xv8PJhmXKX5OO8sQ==", "id"=>"7"}
  [1m[36mArticle Load (0.4ms)[0m  [1m[34mSELECT  "articles".* FROM "articles" WHERE "articles"."id" = ? LIMIT ?[0m  [["id", 7], ["LIMIT", 1]]
  ↳ app/controllers/articles_controller.rb:24
  [1m[35m (0.3ms)[0m  [1m[36mbegin transaction[0m
  ↳ app/controllers/articles_controller.rb:26
  [1m[36mArticle Destroy (0.6ms)[0m  [1m[31mDELETE FROM "articles" WHERE "articles"."id" = ?[0m  [["id", 7]]
  ↳ app/controllers/articles_controller.rb:26
  [1m[35m (3.8ms)[0m  [1m[36mcommit transaction[0m
  ↳ app/controllers/articles_controller.rb:26
Redirected to http://localhost:3000/articles
Completed 302 Found in 16ms (ActiveRecord: 5.0ms)


Started GET "/articles" for ::1 at 2019-05-09 16:36:00 +0200
Processing by ArticlesController#index as HTML
  Rendering articles/index.html.erb within layouts/application
  [1m[36mArticle Load (0.6ms)[0m  [1m[34mSELECT "articles".* FROM "articles"[0m
  ↳ app/views/articles/index.html.erb:4
  Rendered articles/index.html.erb within layouts/application (5.4ms)
Completed 200 OK in 51ms (Views: 47.2ms | ActiveRecord: 0.6ms)


Started GET "/articles" for ::1 at 2019-05-09 16:36:05 +0200
Processing by ArticlesController#index as HTML
  Rendering articles/index.html.erb within layouts/application
  [1m[36mArticle Load (0.3ms)[0m  [1m[34mSELECT "articles".* FROM "articles"[0m
  ↳ app/views/articles/index.html.erb:4
  Rendered articles/index.html.erb within layouts/application (3.7ms)
Completed 200 OK in 89ms (Views: 85.9ms | ActiveRecord: 0.3ms)


Started GET "/" for ::1 at 2019-05-09 17:15:55 +0200
  [1m[35m (0.5ms)[0m  [1m[34mSELECT "schema_migrations"."version" FROM "schema_migrations" ORDER BY "schema_migrations"."version" ASC[0m
  ↳ /home/aeriussu/.rbenv/versions/2.6.0/lib/ruby/gems/2.6.0/gems/activerecord-5.2.3/lib/active_record/log_subscriber.rb:98
Processing by ArticlesController#index as HTML
  Rendering articles/index.html.erb within layouts/application
  [1m[36mArticle Load (0.5ms)[0m  [1m[34mSELECT "articles".* FROM "articles"[0m
  ↳ app/views/articles/index.html.erb:4
  Rendered articles/index.html.erb within layouts/application (21.2ms)
Completed 200 OK in 449ms (Views: 421.8ms | ActiveRecord: 1.9ms)


